

======================================================================
2023-11-21 06:42:44
r0jm713sgpcis11f43t4fajb6v | 106.255.245.226 | /contact/contactProc.php


									INSERT INTO tbl_bbs
										(corpCode, boardID, idx, boardRef, boardStep, boardLevel, subject, writerIdx, writerName, writerPWD, writerPhone, writerMail, writerIP, contents, startDate, endDate, highYN, isDisplay, applyBrand, applyCorp, gubun, hopeRegion, hopeDate, hopeTreat, bbsState) VALUES
										('W00075', '45', 25984, 25984, 0, 0, 'Contact us', 'NULL', '김광철', PASSWORD(''), '01085534794', 'sdrunner@hanmail.net', '106.255.245.226', '안녕하세요!
40대에 기존의 일(핸드폰, 자동차부품 개발&영업)을 그만두고 
새로운 일을 배우고자 합니다. 열심히 기능을 습득하면 
일자리와 연계가 될런지요? 인천 연수에 거주중 입니다.
고견 부탁드립니다.', '', '', 'N', 'N', 'W', 'W00075', '15,16,17,18,19,20,21,22', '', '', '', '200')
									ON DUPLICATE KEY UPDATE
										subject					=	'Contact us',
										writerName				=	'김광철',
										writerIP				=	'106.255.245.226',
										writerPhone				=	'01085534794',
										writerMail				=	'sdrunner@hanmail.net',
										contents				=	'안녕하세요!
40대에 기존의 일(핸드폰, 자동차부품 개발&영업)을 그만두고 
새로운 일을 배우고자 합니다. 열심히 기능을 습득하면 
일자리와 연계가 될런지요? 인천 연수에 거주중 입니다.
고견 부탁드립니다.',
										startDate				=	'',
										endDate					=	'',
										hitCount				=	'',
										highYN					=	'N',
										isDisplay				=	'N',
										applyBrand				=	'W',
										applyCorp				=	'W00075',
										gubun					=	'15,16,17,18,19,20,21,22',
										hopeRegion				=	'',
										hopeDate				=	'',
										hopeTreat				=	'',
										bbsState				=	'200'
									


======================================================================
2023-11-21 17:21:27
ao9mevs869nae3odccm8h1pobu | 211.234.195.46 | /contact/contactProc.php


									INSERT INTO tbl_bbs
										(corpCode, boardID, idx, boardRef, boardStep, boardLevel, subject, writerIdx, writerName, writerPWD, writerPhone, writerMail, writerIP, contents, startDate, endDate, highYN, isDisplay, applyBrand, applyCorp, gubun, hopeRegion, hopeDate, hopeTreat, bbsState) VALUES
										('W00075', '45', 25991, 25991, 0, 0, 'Contact us', 'NULL', '김은채', PASSWORD(''), '01085186366', 'rlawjddl888@naver.com', '211.234.195.46', '.', '', '', 'N', 'N', 'W', 'W00075', '15,16', '', '', '', '200')
									ON DUPLICATE KEY UPDATE
										subject					=	'Contact us',
										writerName				=	'김은채',
										writerIP				=	'211.234.195.46',
										writerPhone				=	'01085186366',
										writerMail				=	'rlawjddl888@naver.com',
										contents				=	'.',
										startDate				=	'',
										endDate					=	'',
										hitCount				=	'',
										highYN					=	'N',
										isDisplay				=	'N',
										applyBrand				=	'W',
										applyCorp				=	'W00075',
										gubun					=	'15,16',
										hopeRegion				=	'',
										hopeDate				=	'',
										hopeTreat				=	'',
										bbsState				=	'200'
									


======================================================================
2023-11-21 20:41:23
r0jm713sgpcis11f43t4fajb6v | 106.255.245.226 | /contact/contactProc.php


									INSERT INTO tbl_bbs
										(corpCode, boardID, idx, boardRef, boardStep, boardLevel, subject, writerIdx, writerName, writerPWD, writerPhone, writerMail, writerIP, contents, startDate, endDate, highYN, isDisplay, applyBrand, applyCorp, gubun, hopeRegion, hopeDate, hopeTreat, bbsState) VALUES
										('W00075', '54', 25995, 25995, 0, 0, 'Event', 'NULL', '김광철', PASSWORD(''), '01085534794', 'sdrunner @hanmail.net', '106.255.245.226', '안녕하세요! 19년간 유명가발 착용하고 전자부품기술 및 
영업직에 종사하며 무더운 지역에서 고생하였습니다. 이제 
인생 후반전에 맞춰 깔끔한 분위기로 바꿔 보려합니다. 기능,
기술도 열심히 배워보려 합니다.', '', '', 'N', 'N', 'W', 'W00075', '', '', '12월', '910', '200')
									ON DUPLICATE KEY UPDATE
										subject					=	'Event',
										writerName				=	'김광철',
										writerIP				=	'106.255.245.226',
										writerPhone				=	'01085534794',
										writerMail				=	'sdrunner @hanmail.net',
										contents				=	'안녕하세요! 19년간 유명가발 착용하고 전자부품기술 및 
영업직에 종사하며 무더운 지역에서 고생하였습니다. 이제 
인생 후반전에 맞춰 깔끔한 분위기로 바꿔 보려합니다. 기능,
기술도 열심히 배워보려 합니다.',
										startDate				=	'',
										endDate					=	'',
										hitCount				=	'',
										highYN					=	'N',
										isDisplay				=	'N',
										applyBrand				=	'W',
										applyCorp				=	'W00075',
										gubun					=	'',
										hopeRegion				=	'',
										hopeDate				=	'12월',
										hopeTreat				=	'910',
										bbsState				=	'200'
									
