

======================================================================
2023-04-06 17:55:05
77hhq47tnigv5r5rp4rprg12qm | 175.209.112.103 | /member/join02Proc.php


									INSERT INTO tbl_academyMember
										(gubun, userIdx, userID, userPWD, userName, userMobile, userMail, userBirth, userJob, userZip, userAddr1, userAddr2, userGroup, joinGubun, snsUserID) VALUES
										('B', 346, '000dms', PASSWORD('idoido22'), '최영은', '010-1111-111', '111@maver.com', '', '', '06134', '서울 강남구 테헤란로1길 17', '', '3', '1', '')
									ON DUPLICATE KEY UPDATE
										userName			=	'최영은',
										userPWD				=	PASSWORD('idoido22'),
										userMobile			=	'010-1111-111',
										userMail			=	'111@maver.com',
										userBirth			=	'',
										userJob				=	'',
										userZip				=	'06134',
										userAddr1			=	'서울 강남구 테헤란로1길 17',
										userAddr2			=	''
									


======================================================================
2023-04-06 18:07:27
77hhq47tnigv5r5rp4rprg12qm | 175.209.112.103 | /commu/reviewProc.php


									INSERT INTO tbl_bbs
										(corpCode, boardID, idx, boardRef, boardStep, boardLevel, subject, writerIdx, writerName, writerPWD, writerPhone, writerMail, writerIP, contents, startDate, endDate, highYN, isDisplay, applyBrand, applyCorp, gubun, bbsState) VALUES
										('W00075', '48', 23896, 23896, 0, 0, '수강생 실제후기', '346', '최영은', PASSWORD(''), '', '', '175.209.112.103', '첫 상담받을때 너무 친절하고 좋아보였고 바로 등록할까 말까 진짜 고민 많이했는데 그래도 이곳저곳 더 알아봐야지 하며 바로 등록하지는 않았어요 ..그렇게 시간을 많이 버리고 늦게나마 다시 연락해서 등록했어요! 지금 생각해보면 왜 그때 바로 등록안했는지 후회가 많아요ㅠㅠ 
제가 다시 연락드렸을때도 너무 친절하게 다시 설명해주시고 반겨주셔서 너무 감사했어요.♥
톡스앤필 브로우라면 내가 더 성장할수있게 잘 끌어줄것 같다라는 느낌, 
수강생들하고 소통이 정말 잘된다라는 느낌을 많이받아요.
제 실력뿐만 아니라 제 마인드도 많이 성장할 수 있게 이끌어주시는것 같아요. 
너무 좋은 선생님을 만나서 제대로 배우고 있어요. 앞으로도 잘 부탁드립니다!', '', '', 'N', 'Y', '', '', '', '')
									ON DUPLICATE KEY UPDATE
										subject					=	'수강생 실제후기',
										writerName				=	'최영은',
										writerIP				=	'',
										writerPhone				=	'',
										writerMail				=	'',
										contents				=	'첫 상담받을때 너무 친절하고 좋아보였고 바로 등록할까 말까 진짜 고민 많이했는데 그래도 이곳저곳 더 알아봐야지 하며 바로 등록하지는 않았어요 ..그렇게 시간을 많이 버리고 늦게나마 다시 연락해서 등록했어요! 지금 생각해보면 왜 그때 바로 등록안했는지 후회가 많아요ㅠㅠ 
제가 다시 연락드렸을때도 너무 친절하게 다시 설명해주시고 반겨주셔서 너무 감사했어요.♥
톡스앤필 브로우라면 내가 더 성장할수있게 잘 끌어줄것 같다라는 느낌, 
수강생들하고 소통이 정말 잘된다라는 느낌을 많이받아요.
제 실력뿐만 아니라 제 마인드도 많이 성장할 수 있게 이끌어주시는것 같아요. 
너무 좋은 선생님을 만나서 제대로 배우고 있어요. 앞으로도 잘 부탁드립니다!',
										startDate				=	'',
										endDate					=	'',
										hitCount				=	'',
										highYN					=	'N',
										isDisplay				=	'Y',
										applyBrand				=	'',
										applyCorp				=	'',
										gubun					=	'',
										bbsState				=	''
									


======================================================================
2023-04-06 18:07:35
77hhq47tnigv5r5rp4rprg12qm | 175.209.112.103 | /commu/reviewProc.php

DELETE FROM tbl_bbsFile WHERE bIdx = '23896'


======================================================================
2023-04-06 18:07:35
77hhq47tnigv5r5rp4rprg12qm | 175.209.112.103 | /commu/reviewProc.php

DELETE FROM tbl_bbscomment WHERE bIdx = '23896'


======================================================================
2023-04-06 18:07:35
77hhq47tnigv5r5rp4rprg12qm | 175.209.112.103 | /commu/reviewProc.php

DELETE FROM tbl_bbs WHERE idx = '23896'


======================================================================
2023-04-06 18:07:56
77hhq47tnigv5r5rp4rprg12qm | 175.209.112.103 | /commu/reviewProc.php


									INSERT INTO tbl_bbs
										(corpCode, boardID, idx, boardRef, boardStep, boardLevel, subject, writerIdx, writerName, writerPWD, writerPhone, writerMail, writerIP, contents, startDate, endDate, highYN, isDisplay, applyBrand, applyCorp, gubun, bbsState) VALUES
										('W00075', '48', 23896, 23896, 0, 0, '수강생 실제후기', '346', '최영은', PASSWORD(''), '', '', '175.209.112.103', '첫 상담받을때 너무 친절하고 좋아보였고 바로 등록할까 말까 진짜 고민 많이했는데 그래도 이곳저곳 더 알아봐야지 하며 바로 등록하지는 않았어요 ..그렇게 시간을 많이 버리고 늦게나마 다시 연락해서 등록했어요! 지금 생각해보면 왜 그때 바로 등록안했는지 후회가 많아요ㅠㅠ
제가 다시 연락드렸을때도 너무 친절하게 다시 설명해주시고 반겨주셔서 너무 감사했어요.*^^*
톡스앤필 브로우라면 내가 더 성장할수있게 잘 끌어줄것 같다라는 느낌,
수강생들하고 소통이 정말 잘된다라는 느낌을 많이받아요.
제 실력뿐만 아니라 제 마인드도 많이 성장할 수 있게 이끌어주시는것 같아요.
너무 좋은 선생님을 만나서 제대로 배우고 있어요. 앞으로도 잘 부탁드립니다!', '', '', 'N', 'Y', '', '', '', '')
									ON DUPLICATE KEY UPDATE
										subject					=	'수강생 실제후기',
										writerName				=	'최영은',
										writerIP				=	'',
										writerPhone				=	'',
										writerMail				=	'',
										contents				=	'첫 상담받을때 너무 친절하고 좋아보였고 바로 등록할까 말까 진짜 고민 많이했는데 그래도 이곳저곳 더 알아봐야지 하며 바로 등록하지는 않았어요 ..그렇게 시간을 많이 버리고 늦게나마 다시 연락해서 등록했어요! 지금 생각해보면 왜 그때 바로 등록안했는지 후회가 많아요ㅠㅠ
제가 다시 연락드렸을때도 너무 친절하게 다시 설명해주시고 반겨주셔서 너무 감사했어요.*^^*
톡스앤필 브로우라면 내가 더 성장할수있게 잘 끌어줄것 같다라는 느낌,
수강생들하고 소통이 정말 잘된다라는 느낌을 많이받아요.
제 실력뿐만 아니라 제 마인드도 많이 성장할 수 있게 이끌어주시는것 같아요.
너무 좋은 선생님을 만나서 제대로 배우고 있어요. 앞으로도 잘 부탁드립니다!',
										startDate				=	'',
										endDate					=	'',
										hitCount				=	'',
										highYN					=	'N',
										isDisplay				=	'Y',
										applyBrand				=	'',
										applyCorp				=	'',
										gubun					=	'',
										bbsState				=	''
									
