

======================================================================
2022-08-15 18:54:18
f9l38dha1ulb8s1fhkdu2p9krn | 49.236.150.68 | /m/contact/contactProc.php


									INSERT INTO tbl_bbs
										(corpCode, boardID, idx, boardRef, boardStep, boardLevel, subject, writerIdx, writerName, writerPWD, writerPhone, writerMail, writerIP, contents, startDate, endDate, highYN, isDisplay, applyBrand, applyCorp, gubun, bbsState) VALUES
										('W00075', '45', 21406, 21406, 0, 0, 'Contact us', 'NULL', '김여진', PASSWORD(''), '01096264769', '', '223.62.173.187', '안녕하세요. 창업준비를 생각하고 검색하던 중 
톡스앤필브로우를 알게되어 문의드립니다.

혹시 교육비용을 알 수 있을까요?', '', '', 'N', 'N', 'M', 'W00075', '11', '200')
									ON DUPLICATE KEY UPDATE
										subject					=	'Contact us',
										writerName				=	'김여진',
										writerIP				=	'49.236.150.68',
										writerPhone				=	'01096264769',
										writerMail				=	'',
										contents				=	'안녕하세요. 창업준비를 생각하고 검색하던 중 
톡스앤필브로우를 알게되어 문의드립니다.

혹시 교육비용을 알 수 있을까요?',
										startDate				=	'',
										endDate					=	'',
										hitCount				=	'',
										highYN					=	'N',
										isDisplay				=	'N',
										applyBrand				=	'M',
										applyCorp				=	'W00075',
										gubun					=	'11',
										bbsState				=	'200'
									
