

======================================================================
2023-10-31 01:03:11
7ocf4aqrin5jnjdpi1qdrumm55 | 112.158.28.3 | /contact/contactProc.php


									INSERT INTO tbl_bbs
										(corpCode, boardID, idx, boardRef, boardStep, boardLevel, subject, writerIdx, writerName, writerPWD, writerPhone, writerMail, writerIP, contents, startDate, endDate, highYN, isDisplay, applyBrand, applyCorp, gubun, hopeRegion, hopeDate, hopeTreat, bbsState) VALUES
										('W00075', '54', 25813, 25813, 0, 0, 'Event', 'NULL', '최형순', PASSWORD(''), '01064825008', 'enterchoi@hanmail.net', '112.158.28.3', '안녕하세요...갑자기 우연히 방송을 보다가 사연을 보낸다는것이 부끄럽고 죄송하지만 너무 간절해서 용기내서 사연을 보냅니다
저는 62세 남자이고 3아이에 아빠인 다문화 가장으로 살아가고 있는 사람입니다. 30대후반부터 시작된 탈모가 30년 넘도록 저를 
괴롭게 하네요. 가발도 많이 쓰고 그랬는데 지금은 나이도 있고 그래서 포기하고 살았는데 작은딸한테 충격적인 얘기를듣고 
고민를 하게 되었습니다.아빠 머리때문에 친구들한테 놀림을 받았다고 하면서 울면서 얘기 하는데 ㅠ 가뜩이나 제나이가 친구들 
아빠보다 많아서
말들이 많아서 미안 했었는데 어째든 제자신이 모자만 쓰고 살아간다는게 너무 우울해서 방법을 찾다가 두피문신을 알게 
되었답니다
문제는 하고 싶어도 저와애들업마가 가지고 있는 병때문에 기초생활수급자로 생계비로 살다보니 재정적으로 부담이 크다보니 
엄두를 못내고 있었는데 용기내서 글을 올려봅니다. 제가 욕심을 부리는건지 잘모르지만 부탁 드려봅니다...

(두서없이 글을 쓰다보니 제사연을 자세히 설명을 못해서 아쉽지만 끝끼지 읽어 주셔서 감사합니다)', '', '', 'N', 'N', 'W', 'W00075', '', '', '관계없음', '910', '200')
									ON DUPLICATE KEY UPDATE
										subject					=	'Event',
										writerName				=	'최형순',
										writerIP				=	'112.158.28.3',
										writerPhone				=	'01064825008',
										writerMail				=	'enterchoi@hanmail.net',
										contents				=	'안녕하세요...갑자기 우연히 방송을 보다가 사연을 보낸다는것이 부끄럽고 죄송하지만 너무 간절해서 용기내서 사연을 보냅니다
저는 62세 남자이고 3아이에 아빠인 다문화 가장으로 살아가고 있는 사람입니다. 30대후반부터 시작된 탈모가 30년 넘도록 저를 
괴롭게 하네요. 가발도 많이 쓰고 그랬는데 지금은 나이도 있고 그래서 포기하고 살았는데 작은딸한테 충격적인 얘기를듣고 
고민를 하게 되었습니다.아빠 머리때문에 친구들한테 놀림을 받았다고 하면서 울면서 얘기 하는데 ㅠ 가뜩이나 제나이가 친구들 
아빠보다 많아서
말들이 많아서 미안 했었는데 어째든 제자신이 모자만 쓰고 살아간다는게 너무 우울해서 방법을 찾다가 두피문신을 알게 
되었답니다
문제는 하고 싶어도 저와애들업마가 가지고 있는 병때문에 기초생활수급자로 생계비로 살다보니 재정적으로 부담이 크다보니 
엄두를 못내고 있었는데 용기내서 글을 올려봅니다. 제가 욕심을 부리는건지 잘모르지만 부탁 드려봅니다...

(두서없이 글을 쓰다보니 제사연을 자세히 설명을 못해서 아쉽지만 끝끼지 읽어 주셔서 감사합니다)',
										startDate				=	'',
										endDate					=	'',
										hitCount				=	'',
										highYN					=	'N',
										isDisplay				=	'N',
										applyBrand				=	'W',
										applyCorp				=	'W00075',
										gubun					=	'',
										hopeRegion				=	'',
										hopeDate				=	'관계없음',
										hopeTreat				=	'910',
										bbsState				=	'200'
									
