

======================================================================
2024-06-03 07:26:45
6qggtrn8krj4v30aicv971b2uf | 61.75.88.101 | /contact/contactProc.php


									INSERT INTO tbl_bbs
										(corpCode, boardID, idx, boardRef, boardStep, boardLevel, subject, writerIdx, writerName, writerPWD, writerPhone, writerMail, writerIP, contents, startDate, endDate, highYN, isDisplay, applyBrand, applyCorp, gubun, hopeRegion, hopeDate, hopeTreat, bbsState) VALUES
										('W00075', '45', 27833, 27833, 0, 0, 'Contact us', 'NULL', '김주멍', PASSWORD(''), '01074675303', '', '61.75.88.101', '배우는 기간이 몇주이면 배우는 과정마다 수강료는 
얼마인지 알고싶습니다', '', '', 'N', 'N', 'W', 'W00075', '20', '', '', '', '200')
									ON DUPLICATE KEY UPDATE
										subject					=	'Contact us',
										writerName				=	'김주멍',
										writerIP				=	'61.75.88.101',
										writerPhone				=	'01074675303',
										writerMail				=	'',
										contents				=	'배우는 기간이 몇주이면 배우는 과정마다 수강료는 
얼마인지 알고싶습니다',
										startDate				=	'',
										endDate					=	'',
										hitCount				=	'',
										highYN					=	'N',
										isDisplay				=	'N',
										applyBrand				=	'W',
										applyCorp				=	'W00075',
										gubun					=	'20',
										hopeRegion				=	'',
										hopeDate				=	'',
										hopeTreat				=	'',
										bbsState				=	'200'
									


======================================================================
2024-06-03 17:36:02
i398m2bdua32bqo7tlpl8fct19 | 183.99.8.189 | /contact/contactProc.php


									INSERT INTO tbl_bbs
										(corpCode, boardID, idx, boardRef, boardStep, boardLevel, subject, writerIdx, writerName, writerPWD, writerPhone, writerMail, writerIP, contents, startDate, endDate, highYN, isDisplay, applyBrand, applyCorp, gubun, hopeRegion, hopeDate, hopeTreat, bbsState) VALUES
										('W00075', '51', 27858, 27858, 0, 0, 'Contact us', 'NULL', '허유진', PASSWORD(''), '01025430829', 'hyj4421@naver.com', '183.99.8.189', '머리에 흉터가 많아 헤어쿠션으로 매일 커버메이크업을 하는데
매번 번잡스러여서 두피문신?염색? 이 하고싶어 문의드립니다.
가격 시술유지기간 궁금합니다', '', '', 'N', 'N', 'W', 'W00075', '31,34,36', '', '', '', '200')
									ON DUPLICATE KEY UPDATE
										subject					=	'Contact us',
										writerName				=	'허유진',
										writerIP				=	'183.99.8.189',
										writerPhone				=	'01025430829',
										writerMail				=	'hyj4421@naver.com',
										contents				=	'머리에 흉터가 많아 헤어쿠션으로 매일 커버메이크업을 하는데
매번 번잡스러여서 두피문신?염색? 이 하고싶어 문의드립니다.
가격 시술유지기간 궁금합니다',
										startDate				=	'',
										endDate					=	'',
										hitCount				=	'',
										highYN					=	'N',
										isDisplay				=	'N',
										applyBrand				=	'W',
										applyCorp				=	'W00075',
										gubun					=	'31,34,36',
										hopeRegion				=	'',
										hopeDate				=	'',
										hopeTreat				=	'',
										bbsState				=	'200'
									
