

======================================================================
2023-07-24 17:50:20
jegos6bbp2a4jpligq21a7l87f | 175.209.112.103 | /m/contact/contactProc.php


									INSERT INTO tbl_bbs
										(corpCode, boardID, idx, boardRef, boardStep, boardLevel, subject, writerIdx, writerName, writerPWD, writerPhone, writerMail, writerIP, contents, startDate, endDate, highYN, isDisplay, applyBrand, applyCorp, gubun, bbsState) VALUES
										('W00075', '45', 24912, 24912, 0, 0, 'Contact us', 'NULL', '류기현', PASSWORD(''), '01041518080', '', '175.209.112.103', '수각문의합니다', '', '', 'N', 'N', 'M', 'W00075', '15', '200')
									ON DUPLICATE KEY UPDATE
										subject					=	'Contact us',
										writerName				=	'류기현',
										writerIP				=	'175.209.112.103',
										writerPhone				=	'01041518080',
										writerMail				=	'',
										contents				=	'수각문의합니다',
										startDate				=	'',
										endDate					=	'',
										hitCount				=	'',
										highYN					=	'N',
										isDisplay				=	'N',
										applyBrand				=	'M',
										applyCorp				=	'W00075',
										gubun					=	'15',
										bbsState				=	'200'
									
