

======================================================================
2023-09-14 18:11:03
2rqfcjh2svft21u4ubsg7rv4n6 | 220.118.33.138 | /contact/contactProc.php


									INSERT INTO tbl_bbs
										(corpCode, boardID, idx, boardRef, boardStep, boardLevel, subject, writerIdx, writerName, writerPWD, writerPhone, writerMail, writerIP, contents, startDate, endDate, highYN, isDisplay, applyBrand, applyCorp, gubun, hopeRegion, hopeDate, hopeTreat, bbsState) VALUES
										('W00075', '54', 25442, 25442, 0, 0, 'Event', 'NULL', '이석원', PASSWORD(''), '01089151959', 'sukdoly@naver.com', '220.118.33.138', '저는 서울 강동구에 거주하는 40대 남자입니다.
비록 추첨을 통해서지만 이벤트에  참여할수 있는 기회를 제공해주신것에 대해 감사함을 느낌니다.
저는 아버지께서 대머리였기 때문에 언젠가 탈모가 올꺼라 예상은 했지만 20대초인 군대있을때부터 탈모가 시작되었습니다.
 그 이후 탈모약도 먹어보고 흑채도 뿌리면서 겨우겨우 가리면서 생활했지만 결국 30대때 정수리부터 옆머리까지 탈모로인해 
맨살이 보이기 시작했습니다.영업직이다보니까 30대초부터 가발을 착용하기 시작했어요.본드로 붙이는 가발이라 나름대로 
만족하며 지냈습니다.그러나 가발로는 너무 불편한 점들이 많고 사실 유지비용도 만만치 않거든요.그러던중에 요즘 유행하는 
두피문신을 알고 찾아보니 톡스필브로어란 곳도 찾게 된것입니다.홈페이지나 이것저것 써치해보니 내가 좋아하는 이종범님도 
두피문신했던 곳이더라고요.그리고 이벤트로 할인까지 해주신다기에 사연을 적어보냅니다.사실 좀 무섭기도해요.^^;
그리고 아시겠지만 탈모있으신 사람 주변에 탈모분들 상당히 많잖아요~.제가 영업직이라 먼저 시술해보고 자연스레 홍보도 
될껍니다.(탈모!! 벗어날수 없으면 즐길수 있게 많은 도움 부탁드립니다~)
사연 선정 되기를 기도할께요~^^
p.s.이렇게 참여하는것도 용기라 생각됩니다.수고하십시요~', '', '', 'N', 'N', 'W', 'W00075', '', '', '9월중', '910', '200')
									ON DUPLICATE KEY UPDATE
										subject					=	'Event',
										writerName				=	'이석원',
										writerIP				=	'220.118.33.138',
										writerPhone				=	'01089151959',
										writerMail				=	'sukdoly@naver.com',
										contents				=	'저는 서울 강동구에 거주하는 40대 남자입니다.
비록 추첨을 통해서지만 이벤트에  참여할수 있는 기회를 제공해주신것에 대해 감사함을 느낌니다.
저는 아버지께서 대머리였기 때문에 언젠가 탈모가 올꺼라 예상은 했지만 20대초인 군대있을때부터 탈모가 시작되었습니다.
 그 이후 탈모약도 먹어보고 흑채도 뿌리면서 겨우겨우 가리면서 생활했지만 결국 30대때 정수리부터 옆머리까지 탈모로인해 
맨살이 보이기 시작했습니다.영업직이다보니까 30대초부터 가발을 착용하기 시작했어요.본드로 붙이는 가발이라 나름대로 
만족하며 지냈습니다.그러나 가발로는 너무 불편한 점들이 많고 사실 유지비용도 만만치 않거든요.그러던중에 요즘 유행하는 
두피문신을 알고 찾아보니 톡스필브로어란 곳도 찾게 된것입니다.홈페이지나 이것저것 써치해보니 내가 좋아하는 이종범님도 
두피문신했던 곳이더라고요.그리고 이벤트로 할인까지 해주신다기에 사연을 적어보냅니다.사실 좀 무섭기도해요.^^;
그리고 아시겠지만 탈모있으신 사람 주변에 탈모분들 상당히 많잖아요~.제가 영업직이라 먼저 시술해보고 자연스레 홍보도 
될껍니다.(탈모!! 벗어날수 없으면 즐길수 있게 많은 도움 부탁드립니다~)
사연 선정 되기를 기도할께요~^^
p.s.이렇게 참여하는것도 용기라 생각됩니다.수고하십시요~',
										startDate				=	'',
										endDate					=	'',
										hitCount				=	'',
										highYN					=	'N',
										isDisplay				=	'N',
										applyBrand				=	'W',
										applyCorp				=	'W00075',
										gubun					=	'',
										hopeRegion				=	'',
										hopeDate				=	'9월중',
										hopeTreat				=	'910',
										bbsState				=	'200'
									
