

======================================================================
2023-02-03 16:06:15
6oa4oiu37cbth16grfr8jea759 | 175.209.112.103 | /member/join02Proc.php


									INSERT INTO tbl_academyMember
										(gubun, userIdx, userID, userPWD, userName, userMobile, userMail, userBirth, userJob, userZip, userAddr1, userAddr2, userGroup, joinGubun, snsUserID) VALUES
										('B', 309, '1231213', PASSWORD('idoido22'), '서윤지', '010-1111-1111', '1111@maver.com', '', '', '06134', '서울 강남구 테헤란로1길 17', '', '3', '1', '')
									ON DUPLICATE KEY UPDATE
										userName			=	'서윤지',
										userPWD				=	PASSWORD('idoido22'),
										userMobile			=	'010-1111-1111',
										userMail			=	'1111@maver.com',
										userBirth			=	'',
										userJob				=	'',
										userZip				=	'06134',
										userAddr1			=	'서울 강남구 테헤란로1길 17',
										userAddr2			=	''
									


======================================================================
2023-02-03 16:08:07
6oa4oiu37cbth16grfr8jea759 | 175.209.112.103 | /commu/reviewProc.php


									INSERT INTO tbl_bbs
										(corpCode, boardID, idx, boardRef, boardStep, boardLevel, subject, writerIdx, writerName, writerPWD, writerPhone, writerMail, writerIP, contents, startDate, endDate, highYN, isDisplay, applyBrand, applyCorp, gubun, bbsState) VALUES
										('W00075', '48', 23244, 23244, 0, 0, '수강생 실제후기', '309', '서윤지', PASSWORD(''), '', '', '175.209.112.103', '똥손도 금손으로 만들어주는 톡스앤필 브로우!!!
이해를 못하고 잘 못 따라가도 끝까지 저 붙잡고 잘 이해할 수 있도록 
하나부터 열까지 천천히 제 속도에 맞춰서 꼼꼼하게 알려주신 덕분에 
처음에 손 벌벌 떨었던 제가 생각나지 않을 만큼 실력이 늘었어요. 
어려운 점이나 궁금한 점 있을 때 피드백도 잘해주시고
졸업했는데 계속 관리 받는 느낌이 들어서 실전에 나가있는 
지금도 기죽지 않고 더 노력하게 되는 것 같아요! 감사합니다♡', '', '', 'N', 'Y', '', '', '', '')
									ON DUPLICATE KEY UPDATE
										subject					=	'수강생 실제후기',
										writerName				=	'서윤지',
										writerIP				=	'',
										writerPhone				=	'',
										writerMail				=	'',
										contents				=	'똥손도 금손으로 만들어주는 톡스앤필 브로우!!!
이해를 못하고 잘 못 따라가도 끝까지 저 붙잡고 잘 이해할 수 있도록 
하나부터 열까지 천천히 제 속도에 맞춰서 꼼꼼하게 알려주신 덕분에 
처음에 손 벌벌 떨었던 제가 생각나지 않을 만큼 실력이 늘었어요. 
어려운 점이나 궁금한 점 있을 때 피드백도 잘해주시고
졸업했는데 계속 관리 받는 느낌이 들어서 실전에 나가있는 
지금도 기죽지 않고 더 노력하게 되는 것 같아요! 감사합니다♡',
										startDate				=	'',
										endDate					=	'',
										hitCount				=	'',
										highYN					=	'N',
										isDisplay				=	'Y',
										applyBrand				=	'',
										applyCorp				=	'',
										gubun					=	'',
										bbsState				=	''
									
