

======================================================================
2024-03-06 20:38:08
ug92n503ke9tarukdmq38jfbg7 | 14.32.116.251 | /contact/contactProc.php


									INSERT INTO tbl_bbs
										(corpCode, boardID, idx, boardRef, boardStep, boardLevel, subject, writerIdx, writerName, writerPWD, writerPhone, writerMail, writerIP, contents, startDate, endDate, highYN, isDisplay, applyBrand, applyCorp, gubun, hopeRegion, hopeDate, hopeTreat, bbsState) VALUES
										('W00075', '45', 26940, 26940, 0, 0, 'Contact us', 'NULL', '장세희', PASSWORD(''), '01034787910', 'liz1427@naver.com', '14.32.116.251', '초급 체험반 수강가능한 날짜 문의드립니다.', '', '', 'N', 'N', 'W', 'W00075', '23', '', '', '', '200')
									ON DUPLICATE KEY UPDATE
										subject					=	'Contact us',
										writerName				=	'장세희',
										writerIP				=	'14.32.116.251',
										writerPhone				=	'01034787910',
										writerMail				=	'liz1427@naver.com',
										contents				=	'초급 체험반 수강가능한 날짜 문의드립니다.',
										startDate				=	'',
										endDate					=	'',
										hitCount				=	'',
										highYN					=	'N',
										isDisplay				=	'N',
										applyBrand				=	'W',
										applyCorp				=	'W00075',
										gubun					=	'23',
										hopeRegion				=	'',
										hopeDate				=	'',
										hopeTreat				=	'',
										bbsState				=	'200'
									
