

======================================================================
2022-09-09 08:46:48
556t8r05dv2b2ifhtd348m32jv | 116.120.50.172 | /m/contact/contactProc.php


									INSERT INTO tbl_bbs
										(corpCode, boardID, idx, boardRef, boardStep, boardLevel, subject, writerIdx, writerName, writerPWD, writerPhone, writerMail, writerIP, contents, startDate, endDate, highYN, isDisplay, applyBrand, applyCorp, gubun, bbsState) VALUES
										('W00075', '45', 21692, 21692, 0, 0, 'Contact us', 'NULL', '김수련', PASSWORD(''), '010-4567-4444', '', '116.120.50.172', '반영구문의드려바여 가격이얼마일까여?', '', '', 'N', 'N', 'M', 'W00075', '11', '200')
									ON DUPLICATE KEY UPDATE
										subject					=	'Contact us',
										writerName				=	'김수련',
										writerIP				=	'116.120.50.172',
										writerPhone				=	'010-4567-4444',
										writerMail				=	'',
										contents				=	'반영구문의드려바여 가격이얼마일까여?',
										startDate				=	'',
										endDate					=	'',
										hitCount				=	'',
										highYN					=	'N',
										isDisplay				=	'N',
										applyBrand				=	'M',
										applyCorp				=	'W00075',
										gubun					=	'11',
										bbsState				=	'200'
									
