

======================================================================
2023-11-01 15:58:32
8veo9rog5qml9uvos8vi82dvb0 | 57.140.16.26 | /contact/contactProc.php


									INSERT INTO tbl_bbs
										(corpCode, boardID, idx, boardRef, boardStep, boardLevel, subject, writerIdx, writerName, writerPWD, writerPhone, writerMail, writerIP, contents, startDate, endDate, highYN, isDisplay, applyBrand, applyCorp, gubun, hopeRegion, hopeDate, hopeTreat, bbsState) VALUES
										('W00075', '54', 25824, 25824, 0, 0, 'Event', 'NULL', '김재', PASSWORD(''), '01029644123', 'superjae0222@naver.com', '57.140.16.26', '인터넷 후기들과 유툽으로 알아보고 시술할까말까를 고민한지도 1년가까이 되는것같고 예전 영상들이나 인터넷에서는 긍정적인 
부분보다 부정적인 리뷰가 많아서 고민들 많이하고 있었는데요, 
톡인필브로 에서는 두피문신에 한번 도전해보고 싶은 마음이 들어서 이벤트 신청합니다..', '', '', 'N', 'N', 'W', 'W00075', '', '', '저는 언제든지 가능합니다', '911', '200')
									ON DUPLICATE KEY UPDATE
										subject					=	'Event',
										writerName				=	'김재',
										writerIP				=	'57.140.16.26',
										writerPhone				=	'01029644123',
										writerMail				=	'superjae0222@naver.com',
										contents				=	'인터넷 후기들과 유툽으로 알아보고 시술할까말까를 고민한지도 1년가까이 되는것같고 예전 영상들이나 인터넷에서는 긍정적인 
부분보다 부정적인 리뷰가 많아서 고민들 많이하고 있었는데요, 
톡인필브로 에서는 두피문신에 한번 도전해보고 싶은 마음이 들어서 이벤트 신청합니다..',
										startDate				=	'',
										endDate					=	'',
										hitCount				=	'',
										highYN					=	'N',
										isDisplay				=	'N',
										applyBrand				=	'W',
										applyCorp				=	'W00075',
										gubun					=	'',
										hopeRegion				=	'',
										hopeDate				=	'저는 언제든지 가능합니다',
										hopeTreat				=	'911',
										bbsState				=	'200'
									
