

======================================================================
2023-09-09 13:56:37
lrmp1hk57v0jg42ee7ghmjthn0 | 223.38.87.169 | /contact/contactProc.php


									INSERT INTO tbl_bbs
										(corpCode, boardID, idx, boardRef, boardStep, boardLevel, subject, writerIdx, writerName, writerPWD, writerPhone, writerMail, writerIP, contents, startDate, endDate, highYN, isDisplay, applyBrand, applyCorp, gubun, hopeRegion, hopeDate, hopeTreat, bbsState) VALUES
										('W00075', '45', 25395, 25395, 0, 0, 'Contact us', 'NULL', '장미라', PASSWORD(''), '01092645155', '', '223.38.87.169', '수강 상담희망합니다.
오늘 5시
대면상담 가능할까요?', '', '', 'N', 'N', 'W', 'W00075', '20', '', '', '', '200')
									ON DUPLICATE KEY UPDATE
										subject					=	'Contact us',
										writerName				=	'장미라',
										writerIP				=	'223.38.87.169',
										writerPhone				=	'01092645155',
										writerMail				=	'',
										contents				=	'수강 상담희망합니다.
오늘 5시
대면상담 가능할까요?',
										startDate				=	'',
										endDate					=	'',
										hitCount				=	'',
										highYN					=	'N',
										isDisplay				=	'N',
										applyBrand				=	'W',
										applyCorp				=	'W00075',
										gubun					=	'20',
										hopeRegion				=	'',
										hopeDate				=	'',
										hopeTreat				=	'',
										bbsState				=	'200'
									
