

======================================================================
2024-01-01 20:18:36
cju1cnvrfd2efj1gnt27rj39ie | 116.47.155.166 | /contact/contactProc.php


									INSERT INTO tbl_bbs
										(corpCode, boardID, idx, boardRef, boardStep, boardLevel, subject, writerIdx, writerName, writerPWD, writerPhone, writerMail, writerIP, contents, startDate, endDate, highYN, isDisplay, applyBrand, applyCorp, gubun, hopeRegion, hopeDate, hopeTreat, bbsState) VALUES
										('W00075', '45', 26362, 26362, 0, 0, 'Contact us', 'NULL', '이혜용', PASSWORD(''), '01084862374', 'lhy6366@naver.com', '116.47.155.166', '안녕하세요 두피 문신에 관심이 생겨서 네이버에 검색을 해보다가 
톡스앤필브로우라는 곳을 알게 되어 블로그 글을 읽던 중 
궁금해져서 유튜브에 다시 검색을 하니 사연 이벤트 하는 걸 알게 
되어서 이렇게 보내봅니다.
저는 32살 여자입니다 전 프리랜서로 근무를 하고 있었습니다 그 
와중에 사기를 크게 당해서 빚만 늘어가고 있었는데 일하다가 몸도 
많이 상하여서 병가 내는 날만 늘어가고 그러다 보니 새로운 일을 
하고 싶다 이대로는 안되겠다
기술이라도 배워야 하겠다 싶어서 여러 가지 알아보던 중 두피 
문신이란 걸 알게 되었습니다
잘 가르쳐 주시는 곳에서 잘 배워서 잘 응용하고 제가 열심히만 
한다면 두피 문신이란 게 충분히 비젼 있고 매력이 있어 보였습니다
그리하여, 이곳저곳 문의해서 수강료를 여쭤봤는데 몇백만 
원이라는 돈이 나날이 빚이 쌓이고 감당해야 하는 저한테는 버거운 
금액이었습니다..
그래서 더 저렴하고 잘 가르쳐 줄 수 있는 곳은 없을까 정말 없다면 
두피 문신 또한 배우고 싶어도 비용 때문에 애초에 할 생각도 못 
하는 건가..
하고 한동안 계속 찾아보다가 톡스앤필브로우라는 곳을 알게 
되었고 이런 이벤트를 한다고 하시길래 한번 사연을 보내봅니다
제가 될지 안 될진 모르지만 된다면 정말 열심히 최선을 다해서 
배워보고 싶습니다.', '', '', 'N', 'N', 'W', 'W00075', '20', '', '', '', '200')
									ON DUPLICATE KEY UPDATE
										subject					=	'Contact us',
										writerName				=	'이혜용',
										writerIP				=	'116.47.155.166',
										writerPhone				=	'01084862374',
										writerMail				=	'lhy6366@naver.com',
										contents				=	'안녕하세요 두피 문신에 관심이 생겨서 네이버에 검색을 해보다가 
톡스앤필브로우라는 곳을 알게 되어 블로그 글을 읽던 중 
궁금해져서 유튜브에 다시 검색을 하니 사연 이벤트 하는 걸 알게 
되어서 이렇게 보내봅니다.
저는 32살 여자입니다 전 프리랜서로 근무를 하고 있었습니다 그 
와중에 사기를 크게 당해서 빚만 늘어가고 있었는데 일하다가 몸도 
많이 상하여서 병가 내는 날만 늘어가고 그러다 보니 새로운 일을 
하고 싶다 이대로는 안되겠다
기술이라도 배워야 하겠다 싶어서 여러 가지 알아보던 중 두피 
문신이란 걸 알게 되었습니다
잘 가르쳐 주시는 곳에서 잘 배워서 잘 응용하고 제가 열심히만 
한다면 두피 문신이란 게 충분히 비젼 있고 매력이 있어 보였습니다
그리하여, 이곳저곳 문의해서 수강료를 여쭤봤는데 몇백만 
원이라는 돈이 나날이 빚이 쌓이고 감당해야 하는 저한테는 버거운 
금액이었습니다..
그래서 더 저렴하고 잘 가르쳐 줄 수 있는 곳은 없을까 정말 없다면 
두피 문신 또한 배우고 싶어도 비용 때문에 애초에 할 생각도 못 
하는 건가..
하고 한동안 계속 찾아보다가 톡스앤필브로우라는 곳을 알게 
되었고 이런 이벤트를 한다고 하시길래 한번 사연을 보내봅니다
제가 될지 안 될진 모르지만 된다면 정말 열심히 최선을 다해서 
배워보고 싶습니다.',
										startDate				=	'',
										endDate					=	'',
										hitCount				=	'',
										highYN					=	'N',
										isDisplay				=	'N',
										applyBrand				=	'W',
										applyCorp				=	'W00075',
										gubun					=	'20',
										hopeRegion				=	'',
										hopeDate				=	'',
										hopeTreat				=	'',
										bbsState				=	'200'
									
