

======================================================================
2023-03-15 10:27:04
7o43rmk140io70un5bsbeb19ah | 175.209.112.103 | /member/join02Proc.php


									INSERT INTO tbl_academyMember
										(gubun, userIdx, userID, userPWD, userName, userMobile, userMail, userBirth, userJob, userZip, userAddr1, userAddr2, userGroup, joinGubun, snsUserID) VALUES
										('B', 336, 'minami_', PASSWORD('idoido22'), '정미나', '010-111-1111', '111@maver.com', '', '', '06134', '서울 강남구 테헤란로1길 17', '', '3', '1', '')
									ON DUPLICATE KEY UPDATE
										userName			=	'정미나',
										userPWD				=	PASSWORD('idoido22'),
										userMobile			=	'010-111-1111',
										userMail			=	'111@maver.com',
										userBirth			=	'',
										userJob				=	'',
										userZip				=	'06134',
										userAddr1			=	'서울 강남구 테헤란로1길 17',
										userAddr2			=	''
									


======================================================================
2023-03-15 10:27:30
7o43rmk140io70un5bsbeb19ah | 175.209.112.103 | /commu/reviewProc.php


									INSERT INTO tbl_bbs
										(corpCode, boardID, idx, boardRef, boardStep, boardLevel, subject, writerIdx, writerName, writerPWD, writerPhone, writerMail, writerIP, contents, startDate, endDate, highYN, isDisplay, applyBrand, applyCorp, gubun, bbsState) VALUES
										('W00075', '48', 23662, 23662, 0, 0, '수강생 실제후기', '336', '정미나', PASSWORD(''), '', '', '175.209.112.103', '첫 방문했을때부터 아카데미의 밝은 분위기가 참 좋더라구요. 
밝고 깔끔하고 쾌적한 분위기 뿐만 아니라 
원장님의 섬세한 상담을 통해 커리큘럼도 세부적이고 
체계적이다라고 느껴져서 등록하게 되었어요.
수업을 받고있는 지금도 톡스앤필 브로우의 선생님들 모두 다 
너무 친절하고 열정이 느껴져서 저도 더 열심히 배우게 되는 것 같아요~!
톡스앤필 브로우를 선택하길 참 잘했다는 생각이듭니다!
앞으로도 잘 부탁드립니다~ 감사합니다><', '', '', 'N', 'Y', '', '', '', '')
									ON DUPLICATE KEY UPDATE
										subject					=	'수강생 실제후기',
										writerName				=	'정미나',
										writerIP				=	'',
										writerPhone				=	'',
										writerMail				=	'',
										contents				=	'첫 방문했을때부터 아카데미의 밝은 분위기가 참 좋더라구요. 
밝고 깔끔하고 쾌적한 분위기 뿐만 아니라 
원장님의 섬세한 상담을 통해 커리큘럼도 세부적이고 
체계적이다라고 느껴져서 등록하게 되었어요.
수업을 받고있는 지금도 톡스앤필 브로우의 선생님들 모두 다 
너무 친절하고 열정이 느껴져서 저도 더 열심히 배우게 되는 것 같아요~!
톡스앤필 브로우를 선택하길 참 잘했다는 생각이듭니다!
앞으로도 잘 부탁드립니다~ 감사합니다><',
										startDate				=	'',
										endDate					=	'',
										hitCount				=	'',
										highYN					=	'N',
										isDisplay				=	'Y',
										applyBrand				=	'',
										applyCorp				=	'',
										gubun					=	'',
										bbsState				=	''
									


======================================================================
2023-03-15 10:27:39
7o43rmk140io70un5bsbeb19ah | 175.209.112.103 | /commu/reviewProc.php

DELETE FROM tbl_bbsFile WHERE bIdx = '23662'


======================================================================
2023-03-15 10:27:39
7o43rmk140io70un5bsbeb19ah | 175.209.112.103 | /commu/reviewProc.php

DELETE FROM tbl_bbscomment WHERE bIdx = '23662'


======================================================================
2023-03-15 10:27:39
7o43rmk140io70un5bsbeb19ah | 175.209.112.103 | /commu/reviewProc.php

DELETE FROM tbl_bbs WHERE idx = '23662'


======================================================================
2023-03-15 10:28:46
7o43rmk140io70un5bsbeb19ah | 175.209.112.103 | /commu/reviewProc.php


									INSERT INTO tbl_bbs
										(corpCode, boardID, idx, boardRef, boardStep, boardLevel, subject, writerIdx, writerName, writerPWD, writerPhone, writerMail, writerIP, contents, startDate, endDate, highYN, isDisplay, applyBrand, applyCorp, gubun, bbsState) VALUES
										('W00075', '48', 23662, 23662, 0, 0, '수강생 실제후기', '336', '정미나', PASSWORD(''), '', '', '175.209.112.103', '첫 방문했을때부터 아카데미의 밝은 분위기가 참 좋더라구요.
밝고 깔끔하고 쾌적한 분위기 뿐만 아니라 원장님의 섬세한 상담을 통해 커리큘럼도 세부적이고 체계적이다라고 느껴져서 등록했어요. 그리고 톡스앤필 브로우의 선생님들 모두 다 너무 친절하고 
열정이 느껴져서 저도 더 열심히 배우게 되는 것 같아요~! 톡스앤필 브로우를 선택하길 참 잘했다는 생각이듭니다! 앞으로도 잘 부탁드립니다~ 감사합니다><', '', '', 'N', 'Y', '', '', '', '')
									ON DUPLICATE KEY UPDATE
										subject					=	'수강생 실제후기',
										writerName				=	'정미나',
										writerIP				=	'',
										writerPhone				=	'',
										writerMail				=	'',
										contents				=	'첫 방문했을때부터 아카데미의 밝은 분위기가 참 좋더라구요.
밝고 깔끔하고 쾌적한 분위기 뿐만 아니라 원장님의 섬세한 상담을 통해 커리큘럼도 세부적이고 체계적이다라고 느껴져서 등록했어요. 그리고 톡스앤필 브로우의 선생님들 모두 다 너무 친절하고 
열정이 느껴져서 저도 더 열심히 배우게 되는 것 같아요~! 톡스앤필 브로우를 선택하길 참 잘했다는 생각이듭니다! 앞으로도 잘 부탁드립니다~ 감사합니다><',
										startDate				=	'',
										endDate					=	'',
										hitCount				=	'',
										highYN					=	'N',
										isDisplay				=	'Y',
										applyBrand				=	'',
										applyCorp				=	'',
										gubun					=	'',
										bbsState				=	''
									


======================================================================
2023-03-15 10:28:56
7o43rmk140io70un5bsbeb19ah | 175.209.112.103 | /commu/reviewProc.php

DELETE FROM tbl_bbsFile WHERE bIdx = '23662'


======================================================================
2023-03-15 10:28:56
7o43rmk140io70un5bsbeb19ah | 175.209.112.103 | /commu/reviewProc.php

DELETE FROM tbl_bbscomment WHERE bIdx = '23662'


======================================================================
2023-03-15 10:28:56
7o43rmk140io70un5bsbeb19ah | 175.209.112.103 | /commu/reviewProc.php

DELETE FROM tbl_bbs WHERE idx = '23662'


======================================================================
2023-03-15 10:29:34
7o43rmk140io70un5bsbeb19ah | 175.209.112.103 | /commu/reviewProc.php


									INSERT INTO tbl_bbs
										(corpCode, boardID, idx, boardRef, boardStep, boardLevel, subject, writerIdx, writerName, writerPWD, writerPhone, writerMail, writerIP, contents, startDate, endDate, highYN, isDisplay, applyBrand, applyCorp, gubun, bbsState) VALUES
										('W00075', '48', 23662, 23662, 0, 0, '수강생 실제후기', '336', '정미나', PASSWORD(''), '', '', '175.209.112.103', '첫 방문했을때부터 아카데미의 밝은 분위기가 참 좋더라고요. 밝고 깔끔하고 쾌적한 분위기 뿐만 아니라 원장님의 섬세한 상담을 통해 커리큘럼도 세부적이고 체계적이다라고 느껴져서 등록했어요. 그리고 톡스앤필 브로우의 선생님들 모두 다 너무 친절하고열정이 느껴져서 저도 더 열심히 배우게 되는 것 같아요~! 톡스앤필 브로우를 선택하길 참 잘했다는 생각이듭니다! 앞으로도 잘 부탁드립니다~ 감사합니다><', '', '', 'N', 'Y', '', '', '', '')
									ON DUPLICATE KEY UPDATE
										subject					=	'수강생 실제후기',
										writerName				=	'정미나',
										writerIP				=	'',
										writerPhone				=	'',
										writerMail				=	'',
										contents				=	'첫 방문했을때부터 아카데미의 밝은 분위기가 참 좋더라고요. 밝고 깔끔하고 쾌적한 분위기 뿐만 아니라 원장님의 섬세한 상담을 통해 커리큘럼도 세부적이고 체계적이다라고 느껴져서 등록했어요. 그리고 톡스앤필 브로우의 선생님들 모두 다 너무 친절하고열정이 느껴져서 저도 더 열심히 배우게 되는 것 같아요~! 톡스앤필 브로우를 선택하길 참 잘했다는 생각이듭니다! 앞으로도 잘 부탁드립니다~ 감사합니다><',
										startDate				=	'',
										endDate					=	'',
										hitCount				=	'',
										highYN					=	'N',
										isDisplay				=	'Y',
										applyBrand				=	'',
										applyCorp				=	'',
										gubun					=	'',
										bbsState				=	''
									
