

======================================================================
2023-12-17 23:25:16
k5ukeiqiqgq4hber618mcrcca8 | 125.191.216.157 | /contact/contactProc.php


									INSERT INTO tbl_bbs
										(corpCode, boardID, idx, boardRef, boardStep, boardLevel, subject, writerIdx, writerName, writerPWD, writerPhone, writerMail, writerIP, contents, startDate, endDate, highYN, isDisplay, applyBrand, applyCorp, gubun, hopeRegion, hopeDate, hopeTreat, bbsState) VALUES
										('W00075', '45', 26220, 26220, 0, 0, 'Contact us', 'NULL', '윤시영', PASSWORD(''), '01052296214', '', '125.191.216.157', '톡스앤필대표님들 안녕하세요~

저는 1년전부터 탈모가 와서 데모모델로 두피 문신을 한면서  직장을 다니면서 한참을 고민한면서 너무 힘들게 살아온 사람입니다

직장다니면서 탈모 스트레스때문에 모든게 안되고 너무 나도 힘들게 살아오면서 탈모가 너무 심해서 직장다니면서 사람들 눈치도 봐야하고  일도 
해야 하는데 그게 남들 처럼 뜻 대로 안되는게 많이 스트레스 받아서 참고민도 많이 하기도 했습니다
탈모가 남들보다 심한다보니 직장을 다니면서도 일도 재대로 안되고 자꾸신경 쓰이고요~
그게 제일 힘들다고 보면 될것같해요~
지금는 회사가 힘들어서 일도 없다 보니 사장님이 12월20일까지만 일하고 그만두라고 통보을받아서 지금는 더 심하게 스트레스에
잠도 잘 못자고 그런네요~ 제가 가정이 있다보니 식구들 먹여 살여야 하는데 그게 회사에서 그만두라는 통보을 받으니까 

멀해야 할짓 다른데 알아봐도 지금는 경기가 안좋다고 해서 구하는데도 없고 와이프는 당장 직장알아보라고 하는데
그게 뜻대로 잘안되네요~

전에 데모모델한면서도 두피문신에 나도 저것 배워서 하고싶다 이런 생각는 많이 하고 그랬는데 당장 일을 해야 하니까

그게 뜻대로 배우고싶어도 잘안되서 나두 배워서 탈모에 스트레스 받는 사람들 행복하게 해주고싶다 이런마음는 많이 가지면서

나도 배우고싶다 이런심정는 항상 가지면서 맨날 두피 문신 유트뷰 방송도 많이 보고 했어죠~

지금는 그래서 직장을 퇴사하고 지금는 집에서 집한일도 도우면서 하고는 있습니다

이것도 너무 눈치가 많이 보이네요 가정이 일을 않아니 너무 힘들네요~

항상 유트브 잘보고  있습니다~이벤트 당첨되면 좋겠습니다~', '', '', 'N', 'N', 'W', 'W00075', '17', '', '', '', '200')
									ON DUPLICATE KEY UPDATE
										subject					=	'Contact us',
										writerName				=	'윤시영',
										writerIP				=	'125.191.216.157',
										writerPhone				=	'01052296214',
										writerMail				=	'',
										contents				=	'톡스앤필대표님들 안녕하세요~

저는 1년전부터 탈모가 와서 데모모델로 두피 문신을 한면서  직장을 다니면서 한참을 고민한면서 너무 힘들게 살아온 사람입니다

직장다니면서 탈모 스트레스때문에 모든게 안되고 너무 나도 힘들게 살아오면서 탈모가 너무 심해서 직장다니면서 사람들 눈치도 봐야하고  일도 
해야 하는데 그게 남들 처럼 뜻 대로 안되는게 많이 스트레스 받아서 참고민도 많이 하기도 했습니다
탈모가 남들보다 심한다보니 직장을 다니면서도 일도 재대로 안되고 자꾸신경 쓰이고요~
그게 제일 힘들다고 보면 될것같해요~
지금는 회사가 힘들어서 일도 없다 보니 사장님이 12월20일까지만 일하고 그만두라고 통보을받아서 지금는 더 심하게 스트레스에
잠도 잘 못자고 그런네요~ 제가 가정이 있다보니 식구들 먹여 살여야 하는데 그게 회사에서 그만두라는 통보을 받으니까 

멀해야 할짓 다른데 알아봐도 지금는 경기가 안좋다고 해서 구하는데도 없고 와이프는 당장 직장알아보라고 하는데
그게 뜻대로 잘안되네요~

전에 데모모델한면서도 두피문신에 나도 저것 배워서 하고싶다 이런 생각는 많이 하고 그랬는데 당장 일을 해야 하니까

그게 뜻대로 배우고싶어도 잘안되서 나두 배워서 탈모에 스트레스 받는 사람들 행복하게 해주고싶다 이런마음는 많이 가지면서

나도 배우고싶다 이런심정는 항상 가지면서 맨날 두피 문신 유트뷰 방송도 많이 보고 했어죠~

지금는 그래서 직장을 퇴사하고 지금는 집에서 집한일도 도우면서 하고는 있습니다

이것도 너무 눈치가 많이 보이네요 가정이 일을 않아니 너무 힘들네요~

항상 유트브 잘보고  있습니다~이벤트 당첨되면 좋겠습니다~',
										startDate				=	'',
										endDate					=	'',
										hitCount				=	'',
										highYN					=	'N',
										isDisplay				=	'N',
										applyBrand				=	'W',
										applyCorp				=	'W00075',
										gubun					=	'17',
										hopeRegion				=	'',
										hopeDate				=	'',
										hopeTreat				=	'',
										bbsState				=	'200'
									
