

======================================================================
2024-03-18 17:00:53
duac81hkltespap7g9r0fe4u7b | 211.244.53.130 | /contact/contactProc.php


									INSERT INTO tbl_bbs
										(corpCode, boardID, idx, boardRef, boardStep, boardLevel, subject, writerIdx, writerName, writerPWD, writerPhone, writerMail, writerIP, contents, startDate, endDate, highYN, isDisplay, applyBrand, applyCorp, gubun, hopeRegion, hopeDate, hopeTreat, bbsState) VALUES
										('W00075', '51', 27017, 27017, 0, 0, 'Contact us', 'NULL', '전규철', PASSWORD(''), '01091599810', '', '211.244.53.130', '탈모 진행은 3-4년정도 진행되었고 탈모 샴푸랑 판시딜 1년 복용했습니다. 여전히 이마라인부터 정수리까지 비어있고 도형으로 따지면 이마부터 
이마를 아랫변으로 정삼각형모양으로 탈모가 진행된 상태인것 같습니다. 상담 받고 두피 문신 받고 싶어 연락드립니다. 전화 가능시간은 오전 9시 -
오후 5시까지 입니다. 내일 상담 받고 싶네요.', '', '', 'N', 'N', 'W', 'W00075', '31,32,36', '', '', '', '200')
									ON DUPLICATE KEY UPDATE
										subject					=	'Contact us',
										writerName				=	'전규철',
										writerIP				=	'211.244.53.130',
										writerPhone				=	'01091599810',
										writerMail				=	'',
										contents				=	'탈모 진행은 3-4년정도 진행되었고 탈모 샴푸랑 판시딜 1년 복용했습니다. 여전히 이마라인부터 정수리까지 비어있고 도형으로 따지면 이마부터 
이마를 아랫변으로 정삼각형모양으로 탈모가 진행된 상태인것 같습니다. 상담 받고 두피 문신 받고 싶어 연락드립니다. 전화 가능시간은 오전 9시 -
오후 5시까지 입니다. 내일 상담 받고 싶네요.',
										startDate				=	'',
										endDate					=	'',
										hitCount				=	'',
										highYN					=	'N',
										isDisplay				=	'N',
										applyBrand				=	'W',
										applyCorp				=	'W00075',
										gubun					=	'31,32,36',
										hopeRegion				=	'',
										hopeDate				=	'',
										hopeTreat				=	'',
										bbsState				=	'200'
									
