

======================================================================
2022-09-07 13:20:45
ogk2drhg1b1ikfq29mj7rhg32l | 175.209.112.103 | /m/member/join02Proc.php


									INSERT INTO tbl_academyMember
										(gubun, userIdx, userID, userName, userMobile, userMail, userBirth, userJob, userZip, userAddr1, userAddr2, userGroup, joinGubun, snsUserID) VALUES
										('B', 280, 'KppVxhtWUQzWt_LUapucH7r1MnOksQW1stGvfkF1JJE', '김정희', '010-6208-4749', 'happ0041@naver.com', '', '', '', '', '', '2', '2', 'KppVxhtWUQzWt_LUapucH7r1MnOksQW1stGvfkF1JJE')
									ON DUPLICATE KEY UPDATE
										userName			=	'김정희',
										userMobile			=	'010-6208-4749',
										userMail			=	'happ0041@naver.com',
										userBirth			=	'',
										userJob				=	'',
										userZip				=	'',
										userAddr1			=	'',
										userAddr2			=	''
									


======================================================================
2022-09-07 14:02:54
rfjjgtm3kh0pbur8qr3ind0van | 223.39.152.120 | /m/member/join02Proc.php


									INSERT INTO tbl_academyMember
										(gubun, userIdx, userID, userName, userMobile, userMail, userBirth, userJob, userZip, userAddr1, userAddr2, userGroup, joinGubun, snsUserID) VALUES
										('B', 281, 'ds5hDImKNa9amNcDXzR8Arj6JHAVe0V1c1_dy3EFHpA', '오미숙', '010-8883-7942', 'freebird134@naver.com', '', '', '', '', '', '2', '2', 'ds5hDImKNa9amNcDXzR8Arj6JHAVe0V1c1_dy3EFHpA')
									ON DUPLICATE KEY UPDATE
										userName			=	'오미숙',
										userMobile			=	'010-8883-7942',
										userMail			=	'freebird134@naver.com',
										userBirth			=	'',
										userJob				=	'',
										userZip				=	'',
										userAddr1			=	'',
										userAddr2			=	''
									


======================================================================
2022-09-07 14:10:23
rfjjgtm3kh0pbur8qr3ind0van | 223.39.152.120 | /m/commu/reviewProc.php


									INSERT INTO tbl_bbs
										(corpCode, boardID, idx, boardRef, boardStep, boardLevel, subject, writerIdx, writerName, writerPWD, writerPhone, writerMail, writerIP, contents, startDate, endDate, highYN, isDisplay, applyBrand, applyCorp, gubun, bbsState) VALUES
										('W00075', '48', 21673, 21673, 0, 0, '수강생 실제후기', '281', '오미숙', PASSWORD(''), '', '', '223.39.152.120', '어느날 거울을 보니 세월의 흔적이 많이 느껴지며 오랫동안 해오던 일이 싫어질때쯤 친구가 꺼내 본 말에 호기심이 생겨 시작하게 되었는데 여러군데 알아보다 톡스앤필 브로우 원장님과의 상담후 믿음하나로 시작하게 되었는데 강사님들도 친절하시고 꼼꼼히 잘 가르쳐주니 너무 감사했습니다.
열심히 배워서 톡스앤필 아카데미가 실력도 뛰어난 인재만 나온다는 말 들을수 있도록 열심히 하겠습니다!!  
최고에요♡', '', '', 'N', 'Y', '', '', '', '')
									ON DUPLICATE KEY UPDATE
										subject					=	'수강생 실제후기',
										writerName				=	'오미숙',
										writerIP				=	'',
										writerPhone				=	'',
										writerMail				=	'',
										contents				=	'어느날 거울을 보니 세월의 흔적이 많이 느껴지며 오랫동안 해오던 일이 싫어질때쯤 친구가 꺼내 본 말에 호기심이 생겨 시작하게 되었는데 여러군데 알아보다 톡스앤필 브로우 원장님과의 상담후 믿음하나로 시작하게 되었는데 강사님들도 친절하시고 꼼꼼히 잘 가르쳐주니 너무 감사했습니다.
열심히 배워서 톡스앤필 아카데미가 실력도 뛰어난 인재만 나온다는 말 들을수 있도록 열심히 하겠습니다!!  
최고에요♡',
										startDate				=	'',
										endDate					=	'',
										hitCount				=	'',
										highYN					=	'N',
										isDisplay				=	'Y',
										applyBrand				=	'',
										applyCorp				=	'',
										gubun					=	'',
										bbsState				=	''
									


======================================================================
2022-09-07 14:11:24
ogk2drhg1b1ikfq29mj7rhg32l | 175.209.112.103 | /m/commu/reviewProc.php


									INSERT INTO tbl_bbs
										(corpCode, boardID, idx, boardRef, boardStep, boardLevel, subject, writerIdx, writerName, writerPWD, writerPhone, writerMail, writerIP, contents, startDate, endDate, highYN, isDisplay, applyBrand, applyCorp, gubun, bbsState) VALUES
										('W00075', '48', 21674, 21674, 0, 0, '수강생 실제후기', '280', '김정희', PASSWORD(''), '', '', '175.209.112.103', '반영구 디자인이 하고 싶어 찾아보니 톡스앤필뷰티아카데미의  평판이 좋아서 선택하게되었고,조영인 강사님의 차분하고 자연스런 니들링에 반하게 되었고, 배우는 학생에겐  실전에 큰 도움이되며, 학생들의 고민과 디자인의 어려움을 조용히 지켜보시며 부족한부분 첵크해 주고 \'나도 할수 있다\'는 의지 불어 넣어 주시고 용기주셔서 실력이 점차 나아짐도 확인하게 되었어요. ❤️ 진심으로 감사드립니다.
조혜진 원장님과 안지현 강사님의 배려와 관심으로 어려운 피부관리사 자격증을 취득하게되어 감사드립니다 
강사님들 모두 👍 최고이십니다.
그동안  잘  배운거 늘 기억하며  초심을 잃지 않고 잘하는 모습으로 보답하겠습니다  고맙습니다. 사랑합니다 💜', '', '', 'N', 'Y', '', '', '', '')
									ON DUPLICATE KEY UPDATE
										subject					=	'수강생 실제후기',
										writerName				=	'김정희',
										writerIP				=	'',
										writerPhone				=	'',
										writerMail				=	'',
										contents				=	'반영구 디자인이 하고 싶어 찾아보니 톡스앤필뷰티아카데미의  평판이 좋아서 선택하게되었고,조영인 강사님의 차분하고 자연스런 니들링에 반하게 되었고, 배우는 학생에겐  실전에 큰 도움이되며, 학생들의 고민과 디자인의 어려움을 조용히 지켜보시며 부족한부분 첵크해 주고 \'나도 할수 있다\'는 의지 불어 넣어 주시고 용기주셔서 실력이 점차 나아짐도 확인하게 되었어요. ❤️ 진심으로 감사드립니다.
조혜진 원장님과 안지현 강사님의 배려와 관심으로 어려운 피부관리사 자격증을 취득하게되어 감사드립니다 
강사님들 모두 👍 최고이십니다.
그동안  잘  배운거 늘 기억하며  초심을 잃지 않고 잘하는 모습으로 보답하겠습니다  고맙습니다. 사랑합니다 💜',
										startDate				=	'',
										endDate					=	'',
										hitCount				=	'',
										highYN					=	'N',
										isDisplay				=	'Y',
										applyBrand				=	'',
										applyCorp				=	'',
										gubun					=	'',
										bbsState				=	''
									
