

======================================================================
2023-03-23 14:52:27
c4dg160qj9bekp2aj5fhi851aa | 175.209.112.103 | /member/join02Proc.php


									INSERT INTO tbl_academyMember
										(gubun, userIdx, userID, userPWD, userName, userMobile, userMail, userBirth, userJob, userZip, userAddr1, userAddr2, userGroup, joinGubun, snsUserID) VALUES
										('B', 339, 'sususu', PASSWORD('idoido22'), '신수현', '010-111-111', '111@maver.com', '', '', '06134', '서울 강남구 테헤란로1길 17', '', '3', '1', '')
									ON DUPLICATE KEY UPDATE
										userName			=	'신수현',
										userPWD				=	PASSWORD('idoido22'),
										userMobile			=	'010-111-111',
										userMail			=	'111@maver.com',
										userBirth			=	'',
										userJob				=	'',
										userZip				=	'06134',
										userAddr1			=	'서울 강남구 테헤란로1길 17',
										userAddr2			=	''
									


======================================================================
2023-03-23 14:52:43
c4dg160qj9bekp2aj5fhi851aa | 175.209.112.103 | /commu/reviewProc.php


									INSERT INTO tbl_bbs
										(corpCode, boardID, idx, boardRef, boardStep, boardLevel, subject, writerIdx, writerName, writerPWD, writerPhone, writerMail, writerIP, contents, startDate, endDate, highYN, isDisplay, applyBrand, applyCorp, gubun, bbsState) VALUES
										('W00075', '48', 23763, 23763, 0, 0, '수강생 실제후기', '339', '신수현', PASSWORD(''), '', '', '175.209.112.103', '반영구 배우고싶어서 인터넷 검색도 많이해보고 여기저기
많이 알아보다가 톡스앤필 브로우에서 상담받을때 정말 친절하고 
자세히 설명해주시는 모습에 믿음이가서 등록했습니다. 
수업도 개개인 눈높이에 맞춰서 잘 알려주시는것같아요.
이해하기 쉽게 설명해주시고 알려주셔서 더 재밌게 배우고 있습니다.
흥미 잃지않게 항상 옆에서 응원해주시고 유익한 피드백주셔서 너무너무 감사해요.', '', '', 'N', 'Y', '', '', '', '')
									ON DUPLICATE KEY UPDATE
										subject					=	'수강생 실제후기',
										writerName				=	'신수현',
										writerIP				=	'',
										writerPhone				=	'',
										writerMail				=	'',
										contents				=	'반영구 배우고싶어서 인터넷 검색도 많이해보고 여기저기
많이 알아보다가 톡스앤필 브로우에서 상담받을때 정말 친절하고 
자세히 설명해주시는 모습에 믿음이가서 등록했습니다. 
수업도 개개인 눈높이에 맞춰서 잘 알려주시는것같아요.
이해하기 쉽게 설명해주시고 알려주셔서 더 재밌게 배우고 있습니다.
흥미 잃지않게 항상 옆에서 응원해주시고 유익한 피드백주셔서 너무너무 감사해요.',
										startDate				=	'',
										endDate					=	'',
										hitCount				=	'',
										highYN					=	'N',
										isDisplay				=	'Y',
										applyBrand				=	'',
										applyCorp				=	'',
										gubun					=	'',
										bbsState				=	''
									


======================================================================
2023-03-23 14:52:56
c4dg160qj9bekp2aj5fhi851aa | 175.209.112.103 | /commu/reviewProc.php

DELETE FROM tbl_bbsFile WHERE bIdx = '23763'


======================================================================
2023-03-23 14:52:56
c4dg160qj9bekp2aj5fhi851aa | 175.209.112.103 | /commu/reviewProc.php

DELETE FROM tbl_bbscomment WHERE bIdx = '23763'


======================================================================
2023-03-23 14:52:56
c4dg160qj9bekp2aj5fhi851aa | 175.209.112.103 | /commu/reviewProc.php

DELETE FROM tbl_bbs WHERE idx = '23763'


======================================================================
2023-03-23 14:57:31
c4dg160qj9bekp2aj5fhi851aa | 175.209.112.103 | /commu/reviewProc.php


									INSERT INTO tbl_bbs
										(corpCode, boardID, idx, boardRef, boardStep, boardLevel, subject, writerIdx, writerName, writerPWD, writerPhone, writerMail, writerIP, contents, startDate, endDate, highYN, isDisplay, applyBrand, applyCorp, gubun, bbsState) VALUES
										('W00075', '48', 23763, 23763, 0, 0, '수강생 실제후기', '339', '신수현', PASSWORD(''), '', '', '175.209.112.103', '반영구 배우고 싶어서 인터넷 검색도 많이 해보고 여기저기 계속 알아보다가 
톡스앤필 브로우를 알게 되었고 처음 상담 받을 때 너무 친절하고 자세히 설명해주시는 모습에 
믿음이 가서 등록했습니다. 수업도 개개인 눈높이에 맞춰서 잘 알려주시는것같아요.
이해하기 쉽게 알려주셔서 더 재밌게 배우고 있습니다. 흥미 잃지 않게 항상 옆에서 응원해주시고 
격려해 주셔서 늘 감사해요. 수강생 들을 위한 특강,프로그램들이 많아서 유익하고 실전에 도움이
많이 될 것 같아요. 학원 분위기도 너무 좋고 하루 하루 즐겁게 학원을 다니고 있어요.', '', '', 'N', 'Y', '', '', '', '')
									ON DUPLICATE KEY UPDATE
										subject					=	'수강생 실제후기',
										writerName				=	'신수현',
										writerIP				=	'',
										writerPhone				=	'',
										writerMail				=	'',
										contents				=	'반영구 배우고 싶어서 인터넷 검색도 많이 해보고 여기저기 계속 알아보다가 
톡스앤필 브로우를 알게 되었고 처음 상담 받을 때 너무 친절하고 자세히 설명해주시는 모습에 
믿음이 가서 등록했습니다. 수업도 개개인 눈높이에 맞춰서 잘 알려주시는것같아요.
이해하기 쉽게 알려주셔서 더 재밌게 배우고 있습니다. 흥미 잃지 않게 항상 옆에서 응원해주시고 
격려해 주셔서 늘 감사해요. 수강생 들을 위한 특강,프로그램들이 많아서 유익하고 실전에 도움이
많이 될 것 같아요. 학원 분위기도 너무 좋고 하루 하루 즐겁게 학원을 다니고 있어요.',
										startDate				=	'',
										endDate					=	'',
										hitCount				=	'',
										highYN					=	'N',
										isDisplay				=	'Y',
										applyBrand				=	'',
										applyCorp				=	'',
										gubun					=	'',
										bbsState				=	''
									
