

======================================================================
2023-03-16 11:06:31
oaks669upt7cus6drqbc653sdv | 116.120.9.244 | /m/contact/contactProc.php


									INSERT INTO tbl_bbs
										(corpCode, boardID, idx, boardRef, boardStep, boardLevel, subject, writerIdx, writerName, writerPWD, writerPhone, writerMail, writerIP, contents, startDate, endDate, highYN, isDisplay, applyBrand, applyCorp, gubun, bbsState) VALUES
										('W00075', '45', 23670, 23670, 0, 0, 'Contact us', 'NULL', '곽성신', PASSWORD(''), '01048760610', '', '116.120.9.244', '반영구 수강 관련하여 문의드립니다

(비용, 수강내용등…)

수강후 창업 예정입니다!', '', '', 'N', 'N', 'M', 'W00075', '12', '200')
									ON DUPLICATE KEY UPDATE
										subject					=	'Contact us',
										writerName				=	'곽성신',
										writerIP				=	'116.120.9.244',
										writerPhone				=	'01048760610',
										writerMail				=	'',
										contents				=	'반영구 수강 관련하여 문의드립니다

(비용, 수강내용등…)

수강후 창업 예정입니다!',
										startDate				=	'',
										endDate					=	'',
										hitCount				=	'',
										highYN					=	'N',
										isDisplay				=	'N',
										applyBrand				=	'M',
										applyCorp				=	'W00075',
										gubun					=	'12',
										bbsState				=	'200'
									
