

======================================================================
2023-02-04 16:42:22
m6bpvh4ltcjphnrcrambd3mkuo | 122.44.177.35 | /m/contact/contactProc.php


									INSERT INTO tbl_bbs
										(corpCode, boardID, idx, boardRef, boardStep, boardLevel, subject, writerIdx, writerName, writerPWD, writerPhone, writerMail, writerIP, contents, startDate, endDate, highYN, isDisplay, applyBrand, applyCorp, gubun, bbsState) VALUES
										('W00075', '45', 23250, 23250, 0, 0, 'Contact us', 'NULL', '정지혜', PASSWORD(''), '01055015029', '', '122.44.177.35', '안녕하세요:)

아티스트 와 마스터

각각 수강료가 어떻게 되나요???', '', '', 'N', 'N', 'M', 'W00075', '11,12', '200')
									ON DUPLICATE KEY UPDATE
										subject					=	'Contact us',
										writerName				=	'정지혜',
										writerIP				=	'122.44.177.35',
										writerPhone				=	'01055015029',
										writerMail				=	'',
										contents				=	'안녕하세요:)

아티스트 와 마스터

각각 수강료가 어떻게 되나요???',
										startDate				=	'',
										endDate					=	'',
										hitCount				=	'',
										highYN					=	'N',
										isDisplay				=	'N',
										applyBrand				=	'M',
										applyCorp				=	'W00075',
										gubun					=	'11,12',
										bbsState				=	'200'
									
