

======================================================================
2024-01-26 16:24:44
7mtpg850eqqqi6fa4pqgtkgjt6 | 175.193.184.4 | /contact/contactProc.php


									INSERT INTO tbl_bbs
										(corpCode, boardID, idx, boardRef, boardStep, boardLevel, subject, writerIdx, writerName, writerPWD, writerPhone, writerMail, writerIP, contents, startDate, endDate, highYN, isDisplay, applyBrand, applyCorp, gubun, hopeRegion, hopeDate, hopeTreat, bbsState) VALUES
										('W00075', '45', 26595, 26595, 0, 0, 'Contact us', 'NULL', '김서경', PASSWORD(''), '01053641528', 'rlatjrud68@naver.com', '175.193.184.4', '이벤트내용 여기 적습니다~!

결혼준비를 하고 있는 회계일을 하고 있는 30살 여자입니다!

올해 말에 결혼을 앞두고 있고, 
개인적으로도 새로운 시작을 하려고 네일아트, 반영구, smp에 관심을 갖고 있습니다!
작년 말에는 평일에 퇴근하고 학원을 다니면서 네일아트 자격증은 획득했습니다.
지금은 반영구 수업 시작 직전입니다 ^^

작게 시작하는 결혼인데, 부모님도 사정이 어려워져 도움은 당연히 바라지 않지만
집에 우울증, 공황장애를 겪고 있는 가족이 2명이라 그런지 많이 저에게 의지하려고 하고, 힘든 소리를 많이 해서 티는 안내지만 힘이 
빠집니다...

기쁜 해였으면 하는 올해를 배우고 싶은 것도 마음껏 배우고 나아가고 싶은데, 현재 회사도 힘들고, 자꾸만 가족때문에 스트레스가 쌓입니다.
결혼도 준비하고 배울 것도 많기에 경제적으로 부담이 되긴 합니다 ㅠㅠ
부모님이 좀 더 경제적으로 뒷받침이 되어줬으면 하는 마음도 한켠에 있지만, 어쩔 수 없는 것을 알기에
이 이벤트에 신청합니다!

좀 더 화이팅 넘치게 올 해도 열심히 살고싶어요~!!!', '', '', 'N', 'N', 'W', 'W00075', '15', '', '', '', '200')
									ON DUPLICATE KEY UPDATE
										subject					=	'Contact us',
										writerName				=	'김서경',
										writerIP				=	'175.193.184.4',
										writerPhone				=	'01053641528',
										writerMail				=	'rlatjrud68@naver.com',
										contents				=	'이벤트내용 여기 적습니다~!

결혼준비를 하고 있는 회계일을 하고 있는 30살 여자입니다!

올해 말에 결혼을 앞두고 있고, 
개인적으로도 새로운 시작을 하려고 네일아트, 반영구, smp에 관심을 갖고 있습니다!
작년 말에는 평일에 퇴근하고 학원을 다니면서 네일아트 자격증은 획득했습니다.
지금은 반영구 수업 시작 직전입니다 ^^

작게 시작하는 결혼인데, 부모님도 사정이 어려워져 도움은 당연히 바라지 않지만
집에 우울증, 공황장애를 겪고 있는 가족이 2명이라 그런지 많이 저에게 의지하려고 하고, 힘든 소리를 많이 해서 티는 안내지만 힘이 
빠집니다...

기쁜 해였으면 하는 올해를 배우고 싶은 것도 마음껏 배우고 나아가고 싶은데, 현재 회사도 힘들고, 자꾸만 가족때문에 스트레스가 쌓입니다.
결혼도 준비하고 배울 것도 많기에 경제적으로 부담이 되긴 합니다 ㅠㅠ
부모님이 좀 더 경제적으로 뒷받침이 되어줬으면 하는 마음도 한켠에 있지만, 어쩔 수 없는 것을 알기에
이 이벤트에 신청합니다!

좀 더 화이팅 넘치게 올 해도 열심히 살고싶어요~!!!',
										startDate				=	'',
										endDate					=	'',
										hitCount				=	'',
										highYN					=	'N',
										isDisplay				=	'N',
										applyBrand				=	'W',
										applyCorp				=	'W00075',
										gubun					=	'15',
										hopeRegion				=	'',
										hopeDate				=	'',
										hopeTreat				=	'',
										bbsState				=	'200'
									
