

======================================================================
2022-08-19 11:55:07
cbb20auq0lccp2fbspt8fnr6al | 14.32.114.220 | /member/join02Proc.php


									INSERT INTO tbl_academyMember
										(gubun, userIdx, userID, userPWD, userName, userMobile, userMail, userBirth, userJob, userZip, userAddr1, userAddr2, userGroup, joinGubun, snsUserID) VALUES
										('B', 268, 'jihye1', PASSWORD('p120917'), '전지혜', '010-7232-2068', 'juliejoa@naver.com', '', '', '03491', '서울 은평구 은평터널로 65', '104', '3', '1', '')
									ON DUPLICATE KEY UPDATE
										userName			=	'전지혜',
										userPWD				=	PASSWORD('p120917'),
										userMobile			=	'010-7232-2068',
										userMail			=	'juliejoa@naver.com',
										userBirth			=	'',
										userJob				=	'',
										userZip				=	'03491',
										userAddr1			=	'서울 은평구 은평터널로 65',
										userAddr2			=	'104'
									


======================================================================
2022-08-19 11:56:15
cbb20auq0lccp2fbspt8fnr6al | 14.32.114.220 | /member/join02Proc.php


									INSERT INTO tbl_academyMember
										(gubun, userIdx, userID, userPWD, userName, userMobile, userMail, userBirth, userJob, userZip, userAddr1, userAddr2, userGroup, joinGubun, snsUserID) VALUES
										('B', 269, 'sunyoung1', PASSWORD('p120917'), '정선영', '010-7232-2068', 'juliejoa@naver.com', '', '', '03491', '서울 은평구 은평터널로 65', '104', '3', '1', '')
									ON DUPLICATE KEY UPDATE
										userName			=	'정선영',
										userPWD				=	PASSWORD('p120917'),
										userMobile			=	'010-7232-2068',
										userMail			=	'juliejoa@naver.com',
										userBirth			=	'',
										userJob				=	'',
										userZip				=	'03491',
										userAddr1			=	'서울 은평구 은평터널로 65',
										userAddr2			=	'104'
									


======================================================================
2022-08-19 11:57:03
cbb20auq0lccp2fbspt8fnr6al | 14.32.114.220 | /commu/reviewProc.php


									INSERT INTO tbl_bbs
										(corpCode, boardID, idx, boardRef, boardStep, boardLevel, subject, writerIdx, writerName, writerPWD, writerPhone, writerMail, writerIP, contents, startDate, endDate, highYN, isDisplay, applyBrand, applyCorp, gubun, bbsState) VALUES
										('W00075', '48', 21444, 21444, 0, 0, '수강생 실제후기 - [커리큘럼] 아티스트 과정', '268', '전지혜', PASSWORD(''), '', '', '14.32.114.220', '같이 일했던 쌤이 톡스앤필 뷰티아카데미에서 피부자격증을 따고 이제 반영구 수업을 듣는다는 얘기를 듣고 반영구를 하고 싶었던 나라 시작한 반영구수업! 처음이라 어색하고 어려웠던 저에게 항상 따뜻하고 밝은미소와 어색하지 않게 재치있는말투로 다가와주신 우리원장님❤️ 일하면서 반영구를 배우는터라 일주일에 1~2번정도 배우러 오지만 빠른기간내에 완벽하고 잘할 수 있게 가르쳐주고 유용한 테크닉과 실전에서의 팁들을 많이 전수해주신 강사님❤️과 원장님ㅎㅎㅎ 두분 덕분에 반영구에 자신없었는데 칭찬과 조언과 격려를 아낌없이 해주셔서 실력이 점점 늘었던거 같아요~ 너무너무 감사드려요 증맬루ㅠㅠㅠ 그리고 자격증과 상도 탈 수 있게 도와주셔서 감사합니다!!! 수업을 다 마치고도 데모하러 갈때마다 옆에서 잘 챙겨주시고 알려주셔서 감사했어요~ 진짜 누가보면 왜이렇게 감사하냐고 적었냐 그럴수도 있지만 정말로 거짓말안하고 너무 감사한것들이 크기 때문에 감사하다고 말 할 수 있는거 같아요 ^.^
반영구하고 싶다고 주변에서 말하면 꼭 우리 톡스앤필뷰티아카데미 추천할거에요ㅎㅎㅎ최고!!!', '', '', 'N', 'Y', '', '', '1', '')
									ON DUPLICATE KEY UPDATE
										subject					=	'수강생 실제후기 - [커리큘럼] 아티스트 과정',
										writerName				=	'전지혜',
										writerIP				=	'',
										writerPhone				=	'',
										writerMail				=	'',
										contents				=	'같이 일했던 쌤이 톡스앤필 뷰티아카데미에서 피부자격증을 따고 이제 반영구 수업을 듣는다는 얘기를 듣고 반영구를 하고 싶었던 나라 시작한 반영구수업! 처음이라 어색하고 어려웠던 저에게 항상 따뜻하고 밝은미소와 어색하지 않게 재치있는말투로 다가와주신 우리원장님❤️ 일하면서 반영구를 배우는터라 일주일에 1~2번정도 배우러 오지만 빠른기간내에 완벽하고 잘할 수 있게 가르쳐주고 유용한 테크닉과 실전에서의 팁들을 많이 전수해주신 강사님❤️과 원장님ㅎㅎㅎ 두분 덕분에 반영구에 자신없었는데 칭찬과 조언과 격려를 아낌없이 해주셔서 실력이 점점 늘었던거 같아요~ 너무너무 감사드려요 증맬루ㅠㅠㅠ 그리고 자격증과 상도 탈 수 있게 도와주셔서 감사합니다!!! 수업을 다 마치고도 데모하러 갈때마다 옆에서 잘 챙겨주시고 알려주셔서 감사했어요~ 진짜 누가보면 왜이렇게 감사하냐고 적었냐 그럴수도 있지만 정말로 거짓말안하고 너무 감사한것들이 크기 때문에 감사하다고 말 할 수 있는거 같아요 ^.^
반영구하고 싶다고 주변에서 말하면 꼭 우리 톡스앤필뷰티아카데미 추천할거에요ㅎㅎㅎ최고!!!',
										startDate				=	'',
										endDate					=	'',
										hitCount				=	'',
										highYN					=	'N',
										isDisplay				=	'Y',
										applyBrand				=	'',
										applyCorp				=	'',
										gubun					=	'1',
										bbsState				=	''
									


======================================================================
2022-08-19 11:57:35
cbb20auq0lccp2fbspt8fnr6al | 14.32.114.220 | /commu/reviewProc.php


									INSERT INTO tbl_bbs
										(corpCode, boardID, idx, boardRef, boardStep, boardLevel, subject, writerIdx, writerName, writerPWD, writerPhone, writerMail, writerIP, contents, startDate, endDate, highYN, isDisplay, applyBrand, applyCorp, gubun, bbsState) VALUES
										('W00075', '48', 21445, 21445, 0, 0, '수강생 실제후기 - [커리큘럼] 아티스트 과정', '269', '정선영', PASSWORD(''), '', '', '14.32.114.220', '톡스앤필 뷰티아카데미에서 저의 꿈을 이루기 위한 첫 발을 떼게 된 것에 대해 정말 다행이라 생각합니다.

조영인 강사님의 정확하고 디테일한 가르침으로 몇달도 안되는 사이에 선도 못 그었던 실력이 일취월장하여 아름다운 완성품을 내놓을 수 있게 된데 대해여 정말 고맙고 그간 정말 수고많으셨다는 말씀을 이 자리를 빌어 꼭 전하고 싶습니다^^

그리고 특강 강사님들에게도 짧은 시간이지만 수강생들이 모든 내용들을 잘 마스터하게끔 친절하게 도와주셔서 넘 감사드립니다.

마지막으로 항상 아름다운 미소로 맞이해주시는 조혜진 원장님도 저희 수강생들의 편의를 위해 항상 고심해주시고 신경써주셔서 너무 고마웠습니당:)

앞으로 톡스앤필 뷰티아카데미를 많이 홍보하고 이런 좋은 학원이 있다는 사실을 많이 알릴게용!^^

톡스앤필 뷰티아카데미 화이팅입니다!!', '', '', 'N', 'Y', '', '', '1', '')
									ON DUPLICATE KEY UPDATE
										subject					=	'수강생 실제후기 - [커리큘럼] 아티스트 과정',
										writerName				=	'정선영',
										writerIP				=	'',
										writerPhone				=	'',
										writerMail				=	'',
										contents				=	'톡스앤필 뷰티아카데미에서 저의 꿈을 이루기 위한 첫 발을 떼게 된 것에 대해 정말 다행이라 생각합니다.

조영인 강사님의 정확하고 디테일한 가르침으로 몇달도 안되는 사이에 선도 못 그었던 실력이 일취월장하여 아름다운 완성품을 내놓을 수 있게 된데 대해여 정말 고맙고 그간 정말 수고많으셨다는 말씀을 이 자리를 빌어 꼭 전하고 싶습니다^^

그리고 특강 강사님들에게도 짧은 시간이지만 수강생들이 모든 내용들을 잘 마스터하게끔 친절하게 도와주셔서 넘 감사드립니다.

마지막으로 항상 아름다운 미소로 맞이해주시는 조혜진 원장님도 저희 수강생들의 편의를 위해 항상 고심해주시고 신경써주셔서 너무 고마웠습니당:)

앞으로 톡스앤필 뷰티아카데미를 많이 홍보하고 이런 좋은 학원이 있다는 사실을 많이 알릴게용!^^

톡스앤필 뷰티아카데미 화이팅입니다!!',
										startDate				=	'',
										endDate					=	'',
										hitCount				=	'',
										highYN					=	'N',
										isDisplay				=	'Y',
										applyBrand				=	'',
										applyCorp				=	'',
										gubun					=	'1',
										bbsState				=	''
									


======================================================================
2022-08-19 11:58:42
cbb20auq0lccp2fbspt8fnr6al | 14.32.114.220 | /member/join02Proc.php


									INSERT INTO tbl_academyMember
										(gubun, userIdx, userID, userPWD, userName, userMobile, userMail, userBirth, userJob, userZip, userAddr1, userAddr2, userGroup, joinGubun, snsUserID) VALUES
										('B', 270, 'eunkyung1', PASSWORD('p120917'), '전은경', '010-7232-2068', 'juliejoa@naver.com', '', '', '03491', '서울 은평구 은평터널로 65', '104', '3', '1', '')
									ON DUPLICATE KEY UPDATE
										userName			=	'전은경',
										userPWD				=	PASSWORD('p120917'),
										userMobile			=	'010-7232-2068',
										userMail			=	'juliejoa@naver.com',
										userBirth			=	'',
										userJob				=	'',
										userZip				=	'03491',
										userAddr1			=	'서울 은평구 은평터널로 65',
										userAddr2			=	'104'
									


======================================================================
2022-08-19 11:59:07
cbb20auq0lccp2fbspt8fnr6al | 14.32.114.220 | /commu/reviewProc.php


									INSERT INTO tbl_bbs
										(corpCode, boardID, idx, boardRef, boardStep, boardLevel, subject, writerIdx, writerName, writerPWD, writerPhone, writerMail, writerIP, contents, startDate, endDate, highYN, isDisplay, applyBrand, applyCorp, gubun, bbsState) VALUES
										('W00075', '48', 21446, 21446, 0, 0, '수강생 실제후기 - [커리큘럼] 아티스트 과정', '270', '전은경', PASSWORD(''), '', '', '14.32.114.220', '안녕하세요
제가 10월에 시작해서 오늘 첫데모 수업을 했습니다
톡스앤필뷰티아카데미 학원에 온걸 너무 잘 선택했다고 스스로 대견해 합니다
우선 선생님들도 너무 훌륭하시고 넘 친절하시고 일대일 수업못지않은 수업도 저는 너무 만족합니다
원장님께서도 굉장히 꼼꼼하셔서 작은일도 챙겨주시고
너무너무 감사합니다❤️❤️톡스앤필최고', '', '', 'N', 'Y', '', '', '1', '')
									ON DUPLICATE KEY UPDATE
										subject					=	'수강생 실제후기 - [커리큘럼] 아티스트 과정',
										writerName				=	'전은경',
										writerIP				=	'',
										writerPhone				=	'',
										writerMail				=	'',
										contents				=	'안녕하세요
제가 10월에 시작해서 오늘 첫데모 수업을 했습니다
톡스앤필뷰티아카데미 학원에 온걸 너무 잘 선택했다고 스스로 대견해 합니다
우선 선생님들도 너무 훌륭하시고 넘 친절하시고 일대일 수업못지않은 수업도 저는 너무 만족합니다
원장님께서도 굉장히 꼼꼼하셔서 작은일도 챙겨주시고
너무너무 감사합니다❤️❤️톡스앤필최고',
										startDate				=	'',
										endDate					=	'',
										hitCount				=	'',
										highYN					=	'N',
										isDisplay				=	'Y',
										applyBrand				=	'',
										applyCorp				=	'',
										gubun					=	'1',
										bbsState				=	''
									


======================================================================
2022-08-19 18:24:58
ekoc21crcvvfl7ggd2aa6gkprr | 14.32.114.220 | /commu/reviewProc.php

DELETE FROM tbl_bbsFile WHERE bIdx = '21446'


======================================================================
2022-08-19 18:24:58
ekoc21crcvvfl7ggd2aa6gkprr | 14.32.114.220 | /commu/reviewProc.php

DELETE FROM tbl_bbscomment WHERE bIdx = '21446'


======================================================================
2022-08-19 18:24:58
ekoc21crcvvfl7ggd2aa6gkprr | 14.32.114.220 | /commu/reviewProc.php

DELETE FROM tbl_bbs WHERE idx = '21446'


======================================================================
2022-08-19 18:25:40
ekoc21crcvvfl7ggd2aa6gkprr | 14.32.114.220 | /commu/reviewProc.php


									INSERT INTO tbl_bbs
										(corpCode, boardID, idx, boardRef, boardStep, boardLevel, subject, writerIdx, writerName, writerPWD, writerPhone, writerMail, writerIP, contents, startDate, endDate, highYN, isDisplay, applyBrand, applyCorp, gubun, bbsState) VALUES
										('W00075', '48', 21456, 21456, 0, 0, '수강생 실제후기 - [커리큘럼] 아티스트 과정', '270', '전은경', PASSWORD(''), '', '', '14.32.114.220', '안녕하세요
톡스앤필뷰티아카데미 학원에 온걸 너무 잘 선택했다고 스스로 대견해 합니다
우선 선생님들도 너무 훌륭하시고 넘 친절하시고 일대일 수업못지않은 수업도 저는 너무 만족합니다
원장님께서도 굉장히 꼼꼼하셔서 작은일도 챙겨주시고
너무너무 감사합니다❤️❤️톡스앤필최고', '', '', 'N', 'Y', '', '', '1', '')
									ON DUPLICATE KEY UPDATE
										subject					=	'수강생 실제후기 - [커리큘럼] 아티스트 과정',
										writerName				=	'전은경',
										writerIP				=	'',
										writerPhone				=	'',
										writerMail				=	'',
										contents				=	'안녕하세요
톡스앤필뷰티아카데미 학원에 온걸 너무 잘 선택했다고 스스로 대견해 합니다
우선 선생님들도 너무 훌륭하시고 넘 친절하시고 일대일 수업못지않은 수업도 저는 너무 만족합니다
원장님께서도 굉장히 꼼꼼하셔서 작은일도 챙겨주시고
너무너무 감사합니다❤️❤️톡스앤필최고',
										startDate				=	'',
										endDate					=	'',
										hitCount				=	'',
										highYN					=	'N',
										isDisplay				=	'Y',
										applyBrand				=	'',
										applyCorp				=	'',
										gubun					=	'1',
										bbsState				=	''
									
