

======================================================================
2022-10-06 14:55:48
omctjre99tur4ebusafe7d091v | 211.218.205.235 | /contact/contactProc.php


									INSERT INTO tbl_bbs
										(corpCode, boardID, idx, boardRef, boardStep, boardLevel, subject, writerIdx, writerName, writerPWD, writerPhone, writerMail, writerIP, contents, startDate, endDate, highYN, isDisplay, applyBrand, applyCorp, gubun, bbsState) VALUES
										('W00075', '45', 21952, 21952, 0, 0, 'Contact us', 'NULL', '안지혜', PASSWORD(''), '010-5120-2046', '', '211.218.205.235', '반영구화장 수강문의', '', '', 'N', 'N', 'M', 'W00075', '11', '200')
									ON DUPLICATE KEY UPDATE
										subject					=	'Contact us',
										writerName				=	'안지혜',
										writerIP				=	'211.218.205.235',
										writerPhone				=	'010-5120-2046',
										writerMail				=	'',
										contents				=	'반영구화장 수강문의',
										startDate				=	'',
										endDate					=	'',
										hitCount				=	'',
										highYN					=	'N',
										isDisplay				=	'N',
										applyBrand				=	'M',
										applyCorp				=	'W00075',
										gubun					=	'11',
										bbsState				=	'200'
									
