

======================================================================
2023-10-04 19:29:40
e5qunokuqd685jit64ckspheo6 | 175.125.111.194 | /contact/contactProc.php


									INSERT INTO tbl_bbs
										(corpCode, boardID, idx, boardRef, boardStep, boardLevel, subject, writerIdx, writerName, writerPWD, writerPhone, writerMail, writerIP, contents, startDate, endDate, highYN, isDisplay, applyBrand, applyCorp, gubun, hopeRegion, hopeDate, hopeTreat, bbsState) VALUES
										('W00075', '54', 25626, 25626, 0, 0, 'Event', 'NULL', '강동호', PASSWORD(''), '01053855551', 'soundkang@hanmail.net', '175.125.111.194', '외출할때마다 흑채나 모자를 써야하는것에 이게 뭐하는 
짓인지 힐때가 많습니다. 그러고 나가면 벽쪽으로 다니거나 
행동이 위축될때가 너무 많네요 ㅠㅠ', '', '', 'N', 'N', 'W', 'W00075', '', '', '10월~1월', '910', '200')
									ON DUPLICATE KEY UPDATE
										subject					=	'Event',
										writerName				=	'강동호',
										writerIP				=	'175.125.111.194',
										writerPhone				=	'01053855551',
										writerMail				=	'soundkang@hanmail.net',
										contents				=	'외출할때마다 흑채나 모자를 써야하는것에 이게 뭐하는 
짓인지 힐때가 많습니다. 그러고 나가면 벽쪽으로 다니거나 
행동이 위축될때가 너무 많네요 ㅠㅠ',
										startDate				=	'',
										endDate					=	'',
										hitCount				=	'',
										highYN					=	'N',
										isDisplay				=	'N',
										applyBrand				=	'W',
										applyCorp				=	'W00075',
										gubun					=	'',
										hopeRegion				=	'',
										hopeDate				=	'10월~1월',
										hopeTreat				=	'910',
										bbsState				=	'200'
									
