

======================================================================
2022-10-31 17:40:26
1u3la6m4l68vbv6lpcaamlibm5 | 121.141.61.79 | /contact/contactProc.php


									INSERT INTO tbl_bbs
										(corpCode, boardID, idx, boardRef, boardStep, boardLevel, subject, writerIdx, writerName, writerPWD, writerPhone, writerMail, writerIP, contents, startDate, endDate, highYN, isDisplay, applyBrand, applyCorp, gubun, bbsState) VALUES
										('W00075', '45', 22201, 22201, 0, 0, 'Contact us', 'NULL', '김경준', PASSWORD(''), '01063120822', '', '121.141.61.79', '안녕하세요 , 국민일보 브랜드대상 주관사 (주)
브랜드플레이스 김경준 주임입니다. 
브랜드대상 후보업체로 선정되셔서 연락드립니다. 
회신 주시면 감사드리겠습니다 .', '', '', 'N', 'N', 'M', 'W00075', '11', '200')
									ON DUPLICATE KEY UPDATE
										subject					=	'Contact us',
										writerName				=	'김경준',
										writerIP				=	'121.141.61.79',
										writerPhone				=	'01063120822',
										writerMail				=	'',
										contents				=	'안녕하세요 , 국민일보 브랜드대상 주관사 (주)
브랜드플레이스 김경준 주임입니다. 
브랜드대상 후보업체로 선정되셔서 연락드립니다. 
회신 주시면 감사드리겠습니다 .',
										startDate				=	'',
										endDate					=	'',
										hitCount				=	'',
										highYN					=	'N',
										isDisplay				=	'N',
										applyBrand				=	'M',
										applyCorp				=	'W00075',
										gubun					=	'11',
										bbsState				=	'200'
									


======================================================================
2022-10-31 17:40:26
1u3la6m4l68vbv6lpcaamlibm5 | 121.141.61.79 | /contact/contactProc.php


									INSERT INTO tbl_bbs
										(corpCode, boardID, idx, boardRef, boardStep, boardLevel, subject, writerIdx, writerName, writerPWD, writerPhone, writerMail, writerIP, contents, startDate, endDate, highYN, isDisplay, applyBrand, applyCorp, gubun, bbsState) VALUES
										('W00075', '45', 22202, 22202, 0, 0, 'Contact us', 'NULL', '김경준', PASSWORD(''), '01063120822', '', '121.141.61.79', '안녕하세요 , 국민일보 브랜드대상 주관사 (주)
브랜드플레이스 김경준 주임입니다. 
브랜드대상 후보업체로 선정되셔서 연락드립니다. 
회신 주시면 감사드리겠습니다 .', '', '', 'N', 'N', 'M', 'W00075', '11', '200')
									ON DUPLICATE KEY UPDATE
										subject					=	'Contact us',
										writerName				=	'김경준',
										writerIP				=	'121.141.61.79',
										writerPhone				=	'01063120822',
										writerMail				=	'',
										contents				=	'안녕하세요 , 국민일보 브랜드대상 주관사 (주)
브랜드플레이스 김경준 주임입니다. 
브랜드대상 후보업체로 선정되셔서 연락드립니다. 
회신 주시면 감사드리겠습니다 .',
										startDate				=	'',
										endDate					=	'',
										hitCount				=	'',
										highYN					=	'N',
										isDisplay				=	'N',
										applyBrand				=	'M',
										applyCorp				=	'W00075',
										gubun					=	'11',
										bbsState				=	'200'
									
