

======================================================================
2024-06-10 18:28:29
00jvtdk1tb6nhjdlbivgerrpbg | 118.235.4.109 | /contact/contactProc.php


									INSERT INTO tbl_bbs
										(corpCode, boardID, idx, boardRef, boardStep, boardLevel, subject, writerIdx, writerName, writerPWD, writerPhone, writerMail, writerIP, contents, startDate, endDate, highYN, isDisplay, applyBrand, applyCorp, gubun, hopeRegion, hopeDate, hopeTreat, bbsState) VALUES
										('W00075', '45', 27913, 27913, 0, 0, 'Contact us', 'NULL', '김주현', PASSWORD(''), '01082246737', 'qpqp2553@naver.com', '118.235.4.109', '두피문신 문의드려요', '', '', 'N', 'N', 'W', 'W00075', '15,16,17', '', '', '', '200')
									ON DUPLICATE KEY UPDATE
										subject					=	'Contact us',
										writerName				=	'김주현',
										writerIP				=	'118.235.4.109',
										writerPhone				=	'01082246737',
										writerMail				=	'qpqp2553@naver.com',
										contents				=	'두피문신 문의드려요',
										startDate				=	'',
										endDate					=	'',
										hitCount				=	'',
										highYN					=	'N',
										isDisplay				=	'N',
										applyBrand				=	'W',
										applyCorp				=	'W00075',
										gubun					=	'15,16,17',
										hopeRegion				=	'',
										hopeDate				=	'',
										hopeTreat				=	'',
										bbsState				=	'200'
									
