

======================================================================
2023-09-27 00:04:34
56b9amem6ucaug8s1gocm9mita | 118.130.35.91 | /contact/contactProc.php


									INSERT INTO tbl_bbs
										(corpCode, boardID, idx, boardRef, boardStep, boardLevel, subject, writerIdx, writerName, writerPWD, writerPhone, writerMail, writerIP, contents, startDate, endDate, highYN, isDisplay, applyBrand, applyCorp, gubun, hopeRegion, hopeDate, hopeTreat, bbsState) VALUES
										('W00075', '45', 25573, 25573, 0, 0, 'Contact us', 'NULL', '전다희', PASSWORD(''), '01098848820', 'jjdms1012@naver.com', '118.130.35.91', '반영구 눈썹문신 수강문의드립니다.', '', '', 'N', 'N', 'W', 'W00075', '15,22', '', '', '', '200')
									ON DUPLICATE KEY UPDATE
										subject					=	'Contact us',
										writerName				=	'전다희',
										writerIP				=	'118.130.35.91',
										writerPhone				=	'01098848820',
										writerMail				=	'jjdms1012@naver.com',
										contents				=	'반영구 눈썹문신 수강문의드립니다.',
										startDate				=	'',
										endDate					=	'',
										hitCount				=	'',
										highYN					=	'N',
										isDisplay				=	'N',
										applyBrand				=	'W',
										applyCorp				=	'W00075',
										gubun					=	'15,22',
										hopeRegion				=	'',
										hopeDate				=	'',
										hopeTreat				=	'',
										bbsState				=	'200'
									
