

======================================================================
2023-04-13 14:57:11
bocu86in1lpg7pnt43ltou8hlc | 175.209.112.103 | /member/join02Proc.php


									INSERT INTO tbl_academyMember
										(gubun, userIdx, userID, userPWD, userName, userMobile, userMail, userBirth, userJob, userZip, userAddr1, userAddr2, userGroup, joinGubun, snsUserID) VALUES
										('B', 349, 'rnjsqhfka', PASSWORD('IDOIDO22'), '권보람', '010-1111-1111', '1111@maver.com', '', '', '06134', '서울 강남구 테헤란로1길 17', '', '3', '1', '')
									ON DUPLICATE KEY UPDATE
										userName			=	'권보람',
										userPWD				=	PASSWORD('IDOIDO22'),
										userMobile			=	'010-1111-1111',
										userMail			=	'1111@maver.com',
										userBirth			=	'',
										userJob				=	'',
										userZip				=	'06134',
										userAddr1			=	'서울 강남구 테헤란로1길 17',
										userAddr2			=	''
									


======================================================================
2023-04-13 15:04:32
bocu86in1lpg7pnt43ltou8hlc | 175.209.112.103 | /commu/reviewProc.php


									INSERT INTO tbl_bbs
										(corpCode, boardID, idx, boardRef, boardStep, boardLevel, subject, writerIdx, writerName, writerPWD, writerPhone, writerMail, writerIP, contents, startDate, endDate, highYN, isDisplay, applyBrand, applyCorp, gubun, bbsState) VALUES
										('W00075', '48', 23980, 23980, 0, 0, '수강생 실제후기', '349', '권보람', PASSWORD(''), '', '', '175.209.112.103', '신중하게 고민한 만큼 후회 없는 선택을 했다고 생각해요.
비용도 합리적인데 교육 커리큘럼이 체계적이어서 더 만족도가 높아진 것 같아요.
수강생들이 불편한 점 없도록 최대한 배려해주고 신경 써주는 원장님과 강사님의 진심 어린 마음이 느껴져서
항상 너무 감사합니다. 앞으로 더 열심히 배워서 얼른 반영구 마스터 하고 싶네요.
더 프로페셔널한 반영구 전문가가 될 수 있도록 앞으로도 잘 부탁 드립니다.', '', '', 'N', 'Y', '', '', '', '')
									ON DUPLICATE KEY UPDATE
										subject					=	'수강생 실제후기',
										writerName				=	'권보람',
										writerIP				=	'',
										writerPhone				=	'',
										writerMail				=	'',
										contents				=	'신중하게 고민한 만큼 후회 없는 선택을 했다고 생각해요.
비용도 합리적인데 교육 커리큘럼이 체계적이어서 더 만족도가 높아진 것 같아요.
수강생들이 불편한 점 없도록 최대한 배려해주고 신경 써주는 원장님과 강사님의 진심 어린 마음이 느껴져서
항상 너무 감사합니다. 앞으로 더 열심히 배워서 얼른 반영구 마스터 하고 싶네요.
더 프로페셔널한 반영구 전문가가 될 수 있도록 앞으로도 잘 부탁 드립니다.',
										startDate				=	'',
										endDate					=	'',
										hitCount				=	'',
										highYN					=	'N',
										isDisplay				=	'Y',
										applyBrand				=	'',
										applyCorp				=	'',
										gubun					=	'',
										bbsState				=	''
									


======================================================================
2023-04-13 15:05:11
bocu86in1lpg7pnt43ltou8hlc | 175.209.112.103 | /commu/reviewProc.php

DELETE FROM tbl_bbsFile WHERE bIdx = '23980'


======================================================================
2023-04-13 15:05:11
bocu86in1lpg7pnt43ltou8hlc | 175.209.112.103 | /commu/reviewProc.php

DELETE FROM tbl_bbscomment WHERE bIdx = '23980'


======================================================================
2023-04-13 15:05:11
bocu86in1lpg7pnt43ltou8hlc | 175.209.112.103 | /commu/reviewProc.php

DELETE FROM tbl_bbs WHERE idx = '23980'


======================================================================
2023-04-13 15:06:16
bocu86in1lpg7pnt43ltou8hlc | 175.209.112.103 | /commu/reviewProc.php


									INSERT INTO tbl_bbs
										(corpCode, boardID, idx, boardRef, boardStep, boardLevel, subject, writerIdx, writerName, writerPWD, writerPhone, writerMail, writerIP, contents, startDate, endDate, highYN, isDisplay, applyBrand, applyCorp, gubun, bbsState) VALUES
										('W00075', '48', 23980, 23980, 0, 0, '수강생 실제후기', '349', '권보람', PASSWORD(''), '', '', '175.209.112.103', '신중하게 고민한 만큼 후회 없는 선택을 했다고 생각해요.
비용도 합리적인데 교육 커리큘럼이 체계적이어서 더 만족도가 높아진 것 같아요.
수강생들이 불편한 점 없도록 최대한 배려해주고 신경 써주는 원장님과 강사님의 진심 어린 마음이 느껴져서
항상 너무 감사합니다. 앞으로 더 열심히 배우고 얼른 반영구 마스터해서 프로페셔널한 반영구 전문가가 되고 싶어요. 톡스앤필 브로우가 있어서 든든합니다!', '', '', 'N', 'Y', '', '', '', '')
									ON DUPLICATE KEY UPDATE
										subject					=	'수강생 실제후기',
										writerName				=	'권보람',
										writerIP				=	'',
										writerPhone				=	'',
										writerMail				=	'',
										contents				=	'신중하게 고민한 만큼 후회 없는 선택을 했다고 생각해요.
비용도 합리적인데 교육 커리큘럼이 체계적이어서 더 만족도가 높아진 것 같아요.
수강생들이 불편한 점 없도록 최대한 배려해주고 신경 써주는 원장님과 강사님의 진심 어린 마음이 느껴져서
항상 너무 감사합니다. 앞으로 더 열심히 배우고 얼른 반영구 마스터해서 프로페셔널한 반영구 전문가가 되고 싶어요. 톡스앤필 브로우가 있어서 든든합니다!',
										startDate				=	'',
										endDate					=	'',
										hitCount				=	'',
										highYN					=	'N',
										isDisplay				=	'Y',
										applyBrand				=	'',
										applyCorp				=	'',
										gubun					=	'',
										bbsState				=	''
									


======================================================================
2023-04-13 15:08:00
bocu86in1lpg7pnt43ltou8hlc | 175.209.112.103 | /member/join02Proc.php


									INSERT INTO tbl_academyMember
										(gubun, userIdx, userID, userPWD, userName, userMobile, userMail, userBirth, userJob, userZip, userAddr1, userAddr2, userGroup, joinGubun, snsUserID) VALUES
										('B', 350, 'gkwldus', PASSWORD('idoido22'), '하지연', '010-1111-1111', '111@maver.com', '', '', '06134', '서울 강남구 테헤란로1길 17', '', '3', '1', '')
									ON DUPLICATE KEY UPDATE
										userName			=	'하지연',
										userPWD				=	PASSWORD('idoido22'),
										userMobile			=	'010-1111-1111',
										userMail			=	'111@maver.com',
										userBirth			=	'',
										userJob				=	'',
										userZip				=	'06134',
										userAddr1			=	'서울 강남구 테헤란로1길 17',
										userAddr2			=	''
									


======================================================================
2023-04-13 15:15:04
bocu86in1lpg7pnt43ltou8hlc | 175.209.112.103 | /commu/reviewProc.php


									INSERT INTO tbl_bbs
										(corpCode, boardID, idx, boardRef, boardStep, boardLevel, subject, writerIdx, writerName, writerPWD, writerPhone, writerMail, writerIP, contents, startDate, endDate, highYN, isDisplay, applyBrand, applyCorp, gubun, bbsState) VALUES
										('W00075', '48', 23981, 23981, 0, 0, '수강생 실제후기', '350', '하지연', PASSWORD(''), '', '', '175.209.112.103', '반영구 배우겠다고 무작정 상담하고 등록하러 왔던 제가 이제는 반영구를 배워서 창업을 앞두고 있습니다.
많이 떨리고 걱정되지만 원장님,강사님의 피드백과 응원에 힘입어 더 힘차게 나아가 보려고 해요!
처음에 정말 막연한 겁쟁이었는데 어느덧 졸업이라니 시간이 정말 빠르게 지나갔어요!
학원 다니면서 질문도 진짜 많았고 고쳐야 할 습관도 많았는데 하나씩 다잡아주시고 항상 친절하게
대해주셔서 늘 감사했습니다. 빠른 피드백이 있었기에 모르고 넘어갈 수 있는 부분들도 철저하고 꼼꼼하게 준비할 수 있었던 것 같아요. 다음에 학원에 꼭 놀러올게요! 원장님 강사님 ! 톡스앤필 브로우 사랑해여♡', '', '', 'N', 'Y', '', '', '', '')
									ON DUPLICATE KEY UPDATE
										subject					=	'수강생 실제후기',
										writerName				=	'하지연',
										writerIP				=	'',
										writerPhone				=	'',
										writerMail				=	'',
										contents				=	'반영구 배우겠다고 무작정 상담하고 등록하러 왔던 제가 이제는 반영구를 배워서 창업을 앞두고 있습니다.
많이 떨리고 걱정되지만 원장님,강사님의 피드백과 응원에 힘입어 더 힘차게 나아가 보려고 해요!
처음에 정말 막연한 겁쟁이었는데 어느덧 졸업이라니 시간이 정말 빠르게 지나갔어요!
학원 다니면서 질문도 진짜 많았고 고쳐야 할 습관도 많았는데 하나씩 다잡아주시고 항상 친절하게
대해주셔서 늘 감사했습니다. 빠른 피드백이 있었기에 모르고 넘어갈 수 있는 부분들도 철저하고 꼼꼼하게 준비할 수 있었던 것 같아요. 다음에 학원에 꼭 놀러올게요! 원장님 강사님 ! 톡스앤필 브로우 사랑해여♡',
										startDate				=	'',
										endDate					=	'',
										hitCount				=	'',
										highYN					=	'N',
										isDisplay				=	'Y',
										applyBrand				=	'',
										applyCorp				=	'',
										gubun					=	'',
										bbsState				=	''
									
