

======================================================================
2023-08-27 16:46:51
d6f3md0a3adnbie4ho42fv8lcv | 220.79.131.145 | /contact/contactProc.php


									INSERT INTO tbl_bbs
										(corpCode, boardID, idx, boardRef, boardStep, boardLevel, subject, writerIdx, writerName, writerPWD, writerPhone, writerMail, writerIP, contents, startDate, endDate, highYN, isDisplay, applyBrand, applyCorp, gubun, hopeRegion, hopeDate, hopeTreat, bbsState) VALUES
										('W00075', '54', 25259, 25259, 0, 0, 'Event', 'NULL', '이주선', PASSWORD(''), '01076194545', 'awntjs12@naver.com', '220.79.131.145', '안녕하세요~ 저에게 희망이 되어줄 귀사의 좋은 이벤트가 있어 이렇게 신청하게 되었습니다.
저는 현재 서울 은평구에서 홀어머님을 모시며 살고 있는 84년생 직장인 남성으로 미혼입니다.
저의 탈모(대머리)로 인한 고민으로 우연히 인터넷 검색 중 “톡스앤필브로우”를 알게 되었고 귀사의 이벤트에 용기를 내어 
이렇게 지원합니다.
저의 탈모가 시작된 시기는 32살 때부터입니다.
당시 친한 친구와 핸드폰 대리점을 동업했고 그 후 적자로 인해 큰 빚이 생긴 상황에서 친구는 함께 투자했던 투자금(은행대출금)
을 가지고 잠적하는 상황을 맞이하게 되었습니다. 그 후로 빚으로 인해 삶의 대한 절망감과 실의에 빠져 매일 음주하는 날들이 
많아지고 결국 스트레스인해 탈모가 시작되었습니다. 
탈모가 끝도 없이 심해지고 감당할 수 없을 지경에 이르러 현재는 가발을 맞춤제작하여 쓰고 생활하고 있는 상태입니다.
가발이라는 것도 굉장히 비싸고 여름에 너무 더우며 자연스러움을 추구하기에도 부족한 면이 많아 항상 두피문신을 고려하고 
있었지만 전체 탈모의 경우 상당한 비용이 드는 것을 알고 엄두가 나지 않던 상황이었습니다.
현재 저는 친구와 동업 중 생긴 빚을 갚기 위해 아침과 새벽에 투잡을 하며 몸이 편찮으신 어머니의 생계까지 도맡아 생활하고 
있기 때문에 두피문신을 할 여유가 전혀 없는 상황입니다.
탈모로 인해 사람들의 부정적인 시선으로 항상 스트레스를 받고 있고 직업상 영업직이다 보니 많은 사람들을 상대해야 하는데 
대머리의 상태로 사람들을 대하기에 굉장히 어려운 상황입니다. 또한 대머리(가발)로 인해 여자친구도 사귀기가 힘들었고 결혼도 
못하고 있는 현실이 너무 힘이 듭니다.
저의 간절함을 담아 이렇게 용기내어 귀사의 이벤트에 지원하게 되었고, 저에게 희망을 주신다면 앞으로 트라우마를 극복하고 
열심히 살고 싶습니다.
부디 저를 귀사의 이벤트에 채택해 주시길 바라며 평생 감사하는 마음으로 열심히
살겠습니다.
감사합니다.', '', '', 'N', 'N', 'W', 'W00075', '', '', '9월~10월', '910', '200')
									ON DUPLICATE KEY UPDATE
										subject					=	'Event',
										writerName				=	'이주선',
										writerIP				=	'220.79.131.145',
										writerPhone				=	'01076194545',
										writerMail				=	'awntjs12@naver.com',
										contents				=	'안녕하세요~ 저에게 희망이 되어줄 귀사의 좋은 이벤트가 있어 이렇게 신청하게 되었습니다.
저는 현재 서울 은평구에서 홀어머님을 모시며 살고 있는 84년생 직장인 남성으로 미혼입니다.
저의 탈모(대머리)로 인한 고민으로 우연히 인터넷 검색 중 “톡스앤필브로우”를 알게 되었고 귀사의 이벤트에 용기를 내어 
이렇게 지원합니다.
저의 탈모가 시작된 시기는 32살 때부터입니다.
당시 친한 친구와 핸드폰 대리점을 동업했고 그 후 적자로 인해 큰 빚이 생긴 상황에서 친구는 함께 투자했던 투자금(은행대출금)
을 가지고 잠적하는 상황을 맞이하게 되었습니다. 그 후로 빚으로 인해 삶의 대한 절망감과 실의에 빠져 매일 음주하는 날들이 
많아지고 결국 스트레스인해 탈모가 시작되었습니다. 
탈모가 끝도 없이 심해지고 감당할 수 없을 지경에 이르러 현재는 가발을 맞춤제작하여 쓰고 생활하고 있는 상태입니다.
가발이라는 것도 굉장히 비싸고 여름에 너무 더우며 자연스러움을 추구하기에도 부족한 면이 많아 항상 두피문신을 고려하고 
있었지만 전체 탈모의 경우 상당한 비용이 드는 것을 알고 엄두가 나지 않던 상황이었습니다.
현재 저는 친구와 동업 중 생긴 빚을 갚기 위해 아침과 새벽에 투잡을 하며 몸이 편찮으신 어머니의 생계까지 도맡아 생활하고 
있기 때문에 두피문신을 할 여유가 전혀 없는 상황입니다.
탈모로 인해 사람들의 부정적인 시선으로 항상 스트레스를 받고 있고 직업상 영업직이다 보니 많은 사람들을 상대해야 하는데 
대머리의 상태로 사람들을 대하기에 굉장히 어려운 상황입니다. 또한 대머리(가발)로 인해 여자친구도 사귀기가 힘들었고 결혼도 
못하고 있는 현실이 너무 힘이 듭니다.
저의 간절함을 담아 이렇게 용기내어 귀사의 이벤트에 지원하게 되었고, 저에게 희망을 주신다면 앞으로 트라우마를 극복하고 
열심히 살고 싶습니다.
부디 저를 귀사의 이벤트에 채택해 주시길 바라며 평생 감사하는 마음으로 열심히
살겠습니다.
감사합니다.',
										startDate				=	'',
										endDate					=	'',
										hitCount				=	'',
										highYN					=	'N',
										isDisplay				=	'N',
										applyBrand				=	'W',
										applyCorp				=	'W00075',
										gubun					=	'',
										hopeRegion				=	'',
										hopeDate				=	'9월~10월',
										hopeTreat				=	'910',
										bbsState				=	'200'
									
