

======================================================================
2024-05-02 01:33:33
bjgeljhc8uu1vpvkg6cr84rv9r | 14.6.174.57 | /contact/contactProc.php


									INSERT INTO tbl_bbs
										(corpCode, boardID, idx, boardRef, boardStep, boardLevel, subject, writerIdx, writerName, writerPWD, writerPhone, writerMail, writerIP, contents, startDate, endDate, highYN, isDisplay, applyBrand, applyCorp, gubun, hopeRegion, hopeDate, hopeTreat, bbsState) VALUES
										('W00075', '45', 27562, 27562, 0, 0, 'Contact us', 'NULL', '안서현', PASSWORD(''), '01044529731', 'tjgus4452@naver.com', '14.6.174.57', 'SMP를 지금부터 배우고 싶은데 어떠한 것을 처음부터 
수강하여야하는지 아니면 올 마스터 클래스로 수강 해야하는지 
고민이하다가 문의 드립니다!
그리고 이벤트도 진행하는 글도 보았는데 따로 신청하면 
되는건가요?', '', '', 'N', 'N', 'W', 'W00075', '20', '', '', '', '200')
									ON DUPLICATE KEY UPDATE
										subject					=	'Contact us',
										writerName				=	'안서현',
										writerIP				=	'14.6.174.57',
										writerPhone				=	'01044529731',
										writerMail				=	'tjgus4452@naver.com',
										contents				=	'SMP를 지금부터 배우고 싶은데 어떠한 것을 처음부터 
수강하여야하는지 아니면 올 마스터 클래스로 수강 해야하는지 
고민이하다가 문의 드립니다!
그리고 이벤트도 진행하는 글도 보았는데 따로 신청하면 
되는건가요?',
										startDate				=	'',
										endDate					=	'',
										hitCount				=	'',
										highYN					=	'N',
										isDisplay				=	'N',
										applyBrand				=	'W',
										applyCorp				=	'W00075',
										gubun					=	'20',
										hopeRegion				=	'',
										hopeDate				=	'',
										hopeTreat				=	'',
										bbsState				=	'200'
									
