

======================================================================
2022-08-24 09:35:06
u82cqt47717u4uk06nb1e3erg4 | 211.109.227.146 | /contact/contactProc.php


									INSERT INTO tbl_bbs
										(corpCode, boardID, idx, boardRef, boardStep, boardLevel, subject, writerIdx, writerName, writerPWD, writerPhone, writerMail, writerIP, contents, startDate, endDate, highYN, isDisplay, applyBrand, applyCorp, gubun, bbsState) VALUES
										('W00075', '45', 21514, 21514, 0, 0, 'Contact us', 'NULL', '트라이업테스트', PASSWORD(''), '01084891409', '', '211.109.227.146', '테스트 중입니다.', '', '', 'N', 'N', 'M', 'W00075', '12', '200')
									ON DUPLICATE KEY UPDATE
										subject					=	'Contact us',
										writerName				=	'트라이업테스트',
										writerIP				=	'211.109.227.146',
										writerPhone				=	'01084891409',
										writerMail				=	'',
										contents				=	'테스트 중입니다.',
										startDate				=	'',
										endDate					=	'',
										hitCount				=	'',
										highYN					=	'N',
										isDisplay				=	'N',
										applyBrand				=	'M',
										applyCorp				=	'W00075',
										gubun					=	'12',
										bbsState				=	'200'
									


======================================================================
2022-08-24 09:37:16
u82cqt47717u4uk06nb1e3erg4 | 211.109.227.146 | /contact/contactProc.php


									INSERT INTO tbl_bbs
										(corpCode, boardID, idx, boardRef, boardStep, boardLevel, subject, writerIdx, writerName, writerPWD, writerPhone, writerMail, writerIP, contents, startDate, endDate, highYN, isDisplay, applyBrand, applyCorp, gubun, bbsState) VALUES
										('W00075', '45', 21515, 21515, 0, 0, 'Contact us', 'NULL', '테스트', PASSWORD(''), '01084891409', '', '211.109.227.146', '테스트', '', '', 'N', 'N', 'M', 'W00075', '13', '200')
									ON DUPLICATE KEY UPDATE
										subject					=	'Contact us',
										writerName				=	'테스트',
										writerIP				=	'211.109.227.146',
										writerPhone				=	'01084891409',
										writerMail				=	'',
										contents				=	'테스트',
										startDate				=	'',
										endDate					=	'',
										hitCount				=	'',
										highYN					=	'N',
										isDisplay				=	'N',
										applyBrand				=	'M',
										applyCorp				=	'W00075',
										gubun					=	'13',
										bbsState				=	'200'
									


======================================================================
2022-08-24 09:38:41
u82cqt47717u4uk06nb1e3erg4 | 211.109.227.146 | /contact/contactProc.php


									INSERT INTO tbl_bbs
										(corpCode, boardID, idx, boardRef, boardStep, boardLevel, subject, writerIdx, writerName, writerPWD, writerPhone, writerMail, writerIP, contents, startDate, endDate, highYN, isDisplay, applyBrand, applyCorp, gubun, bbsState) VALUES
										('W00075', '45', 21516, 21516, 0, 0, 'Contact us', 'NULL', '테스트', PASSWORD(''), '01084891409', '', '211.109.227.146', '테스트', '', '', 'N', 'N', 'M', 'W00075', '12', '200')
									ON DUPLICATE KEY UPDATE
										subject					=	'Contact us',
										writerName				=	'테스트',
										writerIP				=	'211.109.227.146',
										writerPhone				=	'01084891409',
										writerMail				=	'',
										contents				=	'테스트',
										startDate				=	'',
										endDate					=	'',
										hitCount				=	'',
										highYN					=	'N',
										isDisplay				=	'N',
										applyBrand				=	'M',
										applyCorp				=	'W00075',
										gubun					=	'12',
										bbsState				=	'200'
									


======================================================================
2022-08-24 09:45:03
u82cqt47717u4uk06nb1e3erg4 | 211.109.227.146 | /contact/contactProc.php


									INSERT INTO tbl_bbs
										(corpCode, boardID, idx, boardRef, boardStep, boardLevel, subject, writerIdx, writerName, writerPWD, writerPhone, writerMail, writerIP, contents, startDate, endDate, highYN, isDisplay, applyBrand, applyCorp, gubun, bbsState) VALUES
										('W00075', '45', 21517, 21517, 0, 0, 'Contact us', 'NULL', '테스트', PASSWORD(''), '01084891409', '', '211.109.227.146', '테스트', '', '', 'N', 'N', 'M', 'W00075', '11', '200')
									ON DUPLICATE KEY UPDATE
										subject					=	'Contact us',
										writerName				=	'테스트',
										writerIP				=	'211.109.227.146',
										writerPhone				=	'01084891409',
										writerMail				=	'',
										contents				=	'테스트',
										startDate				=	'',
										endDate					=	'',
										hitCount				=	'',
										highYN					=	'N',
										isDisplay				=	'N',
										applyBrand				=	'M',
										applyCorp				=	'W00075',
										gubun					=	'11',
										bbsState				=	'200'
									


======================================================================
2022-08-24 10:14:48
u82cqt47717u4uk06nb1e3erg4 | 211.109.227.146 | /contact/contactProc.php


									INSERT INTO tbl_bbs
										(corpCode, boardID, idx, boardRef, boardStep, boardLevel, subject, writerIdx, writerName, writerPWD, writerPhone, writerMail, writerIP, contents, startDate, endDate, highYN, isDisplay, applyBrand, applyCorp, gubun, bbsState) VALUES
										('W00075', '45', 21520, 21520, 0, 0, 'Contact us', 'NULL', '이승현 테스트', PASSWORD(''), '01084891409', '', '211.109.227.146', '테스트', '', '', 'N', 'N', 'M', 'W00075', '11', '200')
									ON DUPLICATE KEY UPDATE
										subject					=	'Contact us',
										writerName				=	'이승현 테스트',
										writerIP				=	'211.109.227.146',
										writerPhone				=	'01084891409',
										writerMail				=	'',
										contents				=	'테스트',
										startDate				=	'',
										endDate					=	'',
										hitCount				=	'',
										highYN					=	'N',
										isDisplay				=	'N',
										applyBrand				=	'M',
										applyCorp				=	'W00075',
										gubun					=	'11',
										bbsState				=	'200'
									


======================================================================
2022-08-24 10:54:15
u82cqt47717u4uk06nb1e3erg4 | 211.109.227.146 | /contact/contactProc.php


									INSERT INTO tbl_bbs
										(corpCode, boardID, idx, boardRef, boardStep, boardLevel, subject, writerIdx, writerName, writerPWD, writerPhone, writerMail, writerIP, contents, startDate, endDate, highYN, isDisplay, applyBrand, applyCorp, gubun, bbsState) VALUES
										('W00075', '45', 21525, 21525, 0, 0, 'Contact us', 'NULL', '트라이업_테스트2', PASSWORD(''), '01084891409', '', '211.109.227.146', '테스트2', '', '', 'N', 'N', 'M', 'W00075', '11,13', '200')
									ON DUPLICATE KEY UPDATE
										subject					=	'Contact us',
										writerName				=	'트라이업_테스트2',
										writerIP				=	'211.109.227.146',
										writerPhone				=	'01084891409',
										writerMail				=	'',
										contents				=	'테스트2',
										startDate				=	'',
										endDate					=	'',
										hitCount				=	'',
										highYN					=	'N',
										isDisplay				=	'N',
										applyBrand				=	'M',
										applyCorp				=	'W00075',
										gubun					=	'11,13',
										bbsState				=	'200'
									
